|ERROR|2023-07-02 08:20:51.516|http-nio-3170-exec-9||uid=|params: nonce=wrxbzp5k&timestamp=1688257251342|
|ERROR|2023-07-02 08:20:51.516|http-nio-3170-exec-10||uid=|params: articleId=wdasdasda&nonce=awpqilq9&timestamp=1688257251351|
|ERROR|2023-07-02 08:20:51.522|http-nio-3170-exec-9||uid=|params: nonce=wrxbzp5k&timestamp=1688257251342|
|ERROR|2023-07-02 08:20:51.522|http-nio-3170-exec-10||uid=|params: articleId=wdasdasda&nonce=awpqilq9&timestamp=1688257251351|
|ERROR|2023-07-02 08:20:51.522|http-nio-3170-exec-9||uid=|signValue: RhyHFIdLytCGMbdNtMQ61b41qxnltl1fiBXIarGZowKl1zvsZetxo3sdIkp8IuJ9PbtzJG5uhVIUgrKKtrEorw==|
|ERROR|2023-07-02 08:20:51.522|http-nio-3170-exec-10||uid=|signValue: NNes/PD/qT14Wbk2roE0xHunPx2WMhgIFktxTfSWwYdBYDz9slQgw8xz2b1my3N+nNo3xNO+NuS06cuW04oM3Q==|
|ERROR|2023-07-02 08:20:51.596|http-nio-3170-exec-1||uid=|params: articleId=wdasdasda&nonce=ngtrgysi&timestamp=1688257251589|
|ERROR|2023-07-02 08:20:51.596|http-nio-3170-exec-1||uid=|params: articleId=wdasdasda&nonce=ngtrgysi&timestamp=1688257251589|
|ERROR|2023-07-02 08:20:51.596|http-nio-3170-exec-1||uid=|signValue: UOC3cnlvYDIql6nVicHDSFe62/rhgmX16M48Zqv2E5dbaNXPu/gGVvtEpo8EEatpgSIxBSIsUvf6+EFuwjc25g==|
|ERROR|2023-07-02 08:20:58.465|http-nio-3170-exec-2||uid=|params: nonce=l81ofc3u&timestamp=1688257258446|
|ERROR|2023-07-02 08:20:58.465|http-nio-3170-exec-2||uid=|params: nonce=l81ofc3u&timestamp=1688257258446|
|ERROR|2023-07-02 08:20:58.465|http-nio-3170-exec-2||uid=|signValue: RdQpGMCODDxGzE5GfeptZEruQoNehfUU2uocbIIlSnZbIXEdjLK9iCRQINhRKPYJTS5AQERL/xNMkcV3l5Q8vQ==|
|ERROR|2023-07-02 08:20:58.467|http-nio-3170-exec-3||uid=|params: id=477f3c9feda7e6303190a1381cd49d68&nonce=8od3ozp1&timestamp=1688257258451|
|ERROR|2023-07-02 08:20:58.467|http-nio-3170-exec-3||uid=|params: id=477f3c9feda7e6303190a1381cd49d68&nonce=8od3ozp1&timestamp=1688257258451|
|ERROR|2023-07-02 08:20:58.467|http-nio-3170-exec-3||uid=|signValue: ZmBH7BgluQlPDfBAJh1TLQeRbiOUVpLKgt9RptQz6pZBsoIYjl/VYQBjyU8852H6evEqnpEJFsD+lPmBLkI6kg==|
|ERROR|2023-07-02 08:20:58.530|http-nio-3170-exec-4||uid=|params: current=1&nonce=n15vh2m0&pageSize=5&timestamp=1688257258523&userId=477f3c9feda7e6303190a1381cd49d68|
|ERROR|2023-07-02 08:20:58.530|http-nio-3170-exec-4||uid=|params: current=1&nonce=n15vh2m0&pageSize=5&timestamp=1688257258523&userId=477f3c9feda7e6303190a1381cd49d68|
|ERROR|2023-07-02 08:20:58.530|http-nio-3170-exec-4||uid=|signValue: T7WDajr+5DHRCbMY3a7coFFBJtfBJH1EZp0HlkySggv09ZbW2bj6GKRZX3swdKKdzX6Q0TiLdiQC+hi7YWJiFg==|
|ERROR|2023-07-02 08:20:58.552|http-nio-3170-exec-5||uid=|params: current=1&nonce=1pw8w326&pageSize=10&statusId=1&timestamp=1688257258542&userId=477f3c9feda7e6303190a1381cd49d68|
|ERROR|2023-07-02 08:20:58.552|http-nio-3170-exec-5||uid=|params: current=1&nonce=1pw8w326&pageSize=10&statusId=1&timestamp=1688257258542&userId=477f3c9feda7e6303190a1381cd49d68|
|ERROR|2023-07-02 08:20:58.552|http-nio-3170-exec-5||uid=|signValue: SkN5hcQNcQWFiucD5OeolKJte8hMZqfjMFRhMQRt+alOvxcMPjbdU5hNR10SrNlvTOkA9bf9RWkqxTnGGzvBNA==|
|ERROR|2023-07-02 08:21:00.561|http-nio-3170-exec-6||uid=|params: current=1&nonce=ykx1m2i4&pageSize=10&statusId=4&timestamp=1688257260387&userId=477f3c9feda7e6303190a1381cd49d68|
|ERROR|2023-07-02 08:21:00.561|http-nio-3170-exec-6||uid=|params: current=1&nonce=ykx1m2i4&pageSize=10&statusId=4&timestamp=1688257260387&userId=477f3c9feda7e6303190a1381cd49d68|
|ERROR|2023-07-02 08:21:00.561|http-nio-3170-exec-6||uid=|signValue: dDIyTVxFouR/mBnLJfh1hl4gV0tSxWNTrnJZN6Bh4ZvAxlxUyoTH76JQ+l5/7ywT9czLCGUF/UwXXzU95HGmWQ==|
|ERROR|2023-07-02 08:21:04.432|http-nio-3170-exec-7||uid=|params: articleId=daw156daw1&nonce=aptdae00&timestamp=1688257264302|
|ERROR|2023-07-02 08:21:04.432|http-nio-3170-exec-7||uid=|params: articleId=daw156daw1&nonce=aptdae00&timestamp=1688257264302|
|ERROR|2023-07-02 08:21:04.432|http-nio-3170-exec-7||uid=|signValue: Q934WbLNjH5+v9/bt2B7Qk2oCt2dRoUw+jTMxPLHInU5hS6rxPQrUPQcNmV2DF9puhJy6KFqwTcnsWQxYPjh7Q==|
|ERROR|2023-07-02 08:21:04.589|http-nio-3170-exec-8||uid=|params: id=477f3c9feda7e6303190a1381cd49d68&nonce=it5pk5bd&timestamp=1688257264474|
|ERROR|2023-07-02 08:21:04.589|http-nio-3170-exec-8||uid=|params: id=477f3c9feda7e6303190a1381cd49d68&nonce=it5pk5bd&timestamp=1688257264474|
|ERROR|2023-07-02 08:21:04.589|http-nio-3170-exec-8||uid=|signValue: dt+aB+S0anLgl8YDeGdSiZHAnx1Sabk8tRlS2NJTc8n6ygn4YFFfN4YMUkTU93pU+pPUXCtD1Ij6dd/Ns7ZJiw==|
|ERROR|2023-07-02 08:21:04.613|http-nio-3170-exec-9||uid=|params: current=1&nonce=8rhf1ln4&pageSize=5&timestamp=1688257264606&userId=477f3c9feda7e6303190a1381cd49d68|
|ERROR|2023-07-02 08:21:04.613|http-nio-3170-exec-9||uid=|params: current=1&nonce=8rhf1ln4&pageSize=5&timestamp=1688257264606&userId=477f3c9feda7e6303190a1381cd49d68|
|ERROR|2023-07-02 08:21:04.613|http-nio-3170-exec-9||uid=|signValue: KgoAhSCR03RmWkFjCZSc9uakrnBC6veSy6WVymIA3LMhVDMbOA8rtsfVLvJFEuw5oRU9s4Ot+PdlwmqyHEHPqw==|
|ERROR|2023-07-02 08:21:04.637|http-nio-3170-exec-10||uid=|params: current=1&nonce=qfdcy54g&pageSize=10&statusId=1&timestamp=1688257264628&userId=477f3c9feda7e6303190a1381cd49d68|
|ERROR|2023-07-02 08:21:04.637|http-nio-3170-exec-10||uid=|params: current=1&nonce=qfdcy54g&pageSize=10&statusId=1&timestamp=1688257264628&userId=477f3c9feda7e6303190a1381cd49d68|
|ERROR|2023-07-02 08:21:04.637|http-nio-3170-exec-10||uid=|signValue: Cx/QOW56qF4tem9tZv7Lmh/ZlGgTXgCS3lDJSXyJ2XR6lZq0z4D/zVu2rl/jYy9c6i76T+4BdbTo26QJJyVTtg==|
|ERROR|2023-07-02 08:21:33.334|http-nio-3170-exec-2||uid=|params: id=477f3c9feda7e6303190a1381cd49d68&nonce=ij8j2jgm&timestamp=1688257293320&url=https://w.wallhaven.cc/full/p8/wallhaven-p8l6y3.jpg|
|ERROR|2023-07-02 08:21:33.334|http-nio-3170-exec-2||uid=|params: id=477f3c9feda7e6303190a1381cd49d68&nonce=ij8j2jgm&timestamp=1688257293320&url=https://w.wallhaven.cc/full/p8/wallhaven-p8l6y3.jpg|
|ERROR|2023-07-02 08:21:33.334|http-nio-3170-exec-2||uid=|signValue: B0ZJCxxSg4xF9JgLqtdIwDXVnagat3ogjuITTXbBSQQzl0go1WCjfRAa2F725iuKZ5Nf0SljF6uBDJRpMAAzcg==|
|ERROR|2023-07-02 08:40:37.243|http-nio-3170-exec-3||uid=|params: id=477f3c9feda7e6303190a1381cd49d68&nonce=2whr9a5r&timestamp=1688258437223|
|ERROR|2023-07-02 08:40:37.243|http-nio-3170-exec-3||uid=|params: id=477f3c9feda7e6303190a1381cd49d68&nonce=2whr9a5r&timestamp=1688258437223|
|ERROR|2023-07-02 08:40:37.243|http-nio-3170-exec-3||uid=|signValue: B8wxRCoRB5OxtLRBZHByHXXXKvdcvqN/BLi//QzxdyyUAxcZAn+BmyqznoZFxLSZjc3mCitUC+iJg1dBNWIVHA==|
|ERROR|2023-07-02 08:40:37.280|http-nio-3170-exec-4||uid=|params: current=1&nonce=y0i6681l&pageSize=5&timestamp=1688258437262&userId=477f3c9feda7e6303190a1381cd49d68|
|ERROR|2023-07-02 08:40:37.281|http-nio-3170-exec-4||uid=|params: current=1&nonce=y0i6681l&pageSize=5&timestamp=1688258437262&userId=477f3c9feda7e6303190a1381cd49d68|
|ERROR|2023-07-02 08:40:37.281|http-nio-3170-exec-4||uid=|signValue: XLFg8GOpH5qLz4+FNciSgecBja7vXs/fSK1DhJDhJrsctWgRPi1pYyMBBP/zJYtuMN2cNdBt12jgfyLzIiC+Aw==|
|ERROR|2023-07-02 08:40:37.317|http-nio-3170-exec-5||uid=|params: current=1&nonce=ruf3rlfo&pageSize=10&statusId=1&timestamp=1688258437307&userId=477f3c9feda7e6303190a1381cd49d68|
|ERROR|2023-07-02 08:40:37.318|http-nio-3170-exec-5||uid=|params: current=1&nonce=ruf3rlfo&pageSize=10&statusId=1&timestamp=1688258437307&userId=477f3c9feda7e6303190a1381cd49d68|
|ERROR|2023-07-02 08:40:37.318|http-nio-3170-exec-5||uid=|signValue: V2gf/40J5kJ2/W72xR9whobDwuXBuIx8BcROYvXhCVT2DWzY2/eidgxppDoN5r9ey5FxJ7QDBeGYarNz3Fpb/g==|
|ERROR|2023-07-02 08:40:44.861|http-nio-3170-exec-6||uid=|params: id=477f3c9feda7e6303190a1381cd49d68&nonce=lell8e4n&timestamp=1688258444851&url=https://w.wallhaven.cc/full/4o/wallhaven-4o35z9.jpg|
|ERROR|2023-07-02 08:40:44.862|http-nio-3170-exec-6||uid=|params: id=477f3c9feda7e6303190a1381cd49d68&nonce=lell8e4n&timestamp=1688258444851&url=https://w.wallhaven.cc/full/4o/wallhaven-4o35z9.jpg|
|ERROR|2023-07-02 08:40:44.862|http-nio-3170-exec-6||uid=|signValue: WHoUdimG5Bizx7DxUduCuhSXdeVe3o95LqYt0uYlb8zjicYIFD51jbgpfbON5+aupcFqgczCwRmnJBVSgpD2eg==|
|ERROR|2023-07-02 08:41:09.145|http-nio-3170-exec-7||uid=|params: id=477f3c9feda7e6303190a1381cd49d68&nonce=einvsfjv&timestamp=1688258469137|
|ERROR|2023-07-02 08:41:09.145|http-nio-3170-exec-7||uid=|params: id=477f3c9feda7e6303190a1381cd49d68&nonce=einvsfjv&timestamp=1688258469137|
|ERROR|2023-07-02 08:41:09.145|http-nio-3170-exec-7||uid=|signValue: Bj132r1Dd7QhZr/bYCZkFJ6COF7veIIuBTVVjegVFyPxF1CcyLZadzHLBfw8zWNQY5dNcTpgLrtpTbUgFE6K1Q==|
|ERROR|2023-07-02 08:41:09.187|http-nio-3170-exec-8||uid=|params: current=1&nonce=q6cn61f1&pageSize=5&timestamp=1688258469159&userId=477f3c9feda7e6303190a1381cd49d68|
|ERROR|2023-07-02 08:41:09.188|http-nio-3170-exec-8||uid=|params: current=1&nonce=q6cn61f1&pageSize=5&timestamp=1688258469159&userId=477f3c9feda7e6303190a1381cd49d68|
|ERROR|2023-07-02 08:41:09.188|http-nio-3170-exec-8||uid=|signValue: Nwyuj45oT+Gm+TaKUiAuT6y0bpA2H/T1sZLmLN1j18QT6M0ELo0Q33X5fNa3sjHvgS5msxgFEmi3KWPC0q2bqA==|
|ERROR|2023-07-02 08:41:09.225|http-nio-3170-exec-9||uid=|params: current=1&nonce=st96zl42&pageSize=10&statusId=1&timestamp=1688258469206&userId=477f3c9feda7e6303190a1381cd49d68|
|ERROR|2023-07-02 08:41:09.225|http-nio-3170-exec-9||uid=|params: current=1&nonce=st96zl42&pageSize=10&statusId=1&timestamp=1688258469206&userId=477f3c9feda7e6303190a1381cd49d68|
|ERROR|2023-07-02 08:41:09.225|http-nio-3170-exec-9||uid=|signValue: GaC/QrwiHm2e0HPk00Q6JSIkAsrmJKOv3DC6gY0Bo+gZBEsCCuDtW0ooJST/7hrkq8nBBHYKFv2Y9ImFCiJnCA==|
|ERROR|2023-07-02 08:41:20.634|http-nio-3170-exec-10||uid=|params: id=477f3c9feda7e6303190a1381cd49d68&nonce=0dn0b5g4&timestamp=1688258480619&url=|
|ERROR|2023-07-02 08:41:20.634|http-nio-3170-exec-10||uid=|params: id=477f3c9feda7e6303190a1381cd49d68&nonce=0dn0b5g4&timestamp=1688258480619&url=|
|ERROR|2023-07-02 08:41:20.634|http-nio-3170-exec-10||uid=|signValue: XimMFtDoYF076uu9/3ZiR1du9POp1IcAIKgqPe20LQRcYTUz/xRfcUAJrNycDMAhN2flLNk0+qhaL/yWRwwGkQ==|
|ERROR|2023-07-02 08:46:02.649|http-nio-3170-exec-1||uid=|params: current=1&nonce=dxh44ah1&pageSize=10&statusId=3&timestamp=1688258762610&userId=477f3c9feda7e6303190a1381cd49d68|
|ERROR|2023-07-02 08:46:02.650|http-nio-3170-exec-1||uid=|params: current=1&nonce=dxh44ah1&pageSize=10&statusId=3&timestamp=1688258762610&userId=477f3c9feda7e6303190a1381cd49d68|
|ERROR|2023-07-02 08:46:02.650|http-nio-3170-exec-1||uid=|signValue: S2+HRr2efubjdllKMqCCC1WMwVKgyqWZPamTgoMFh/nlCGKh7139qPkEzeACbdN9kSZ3S9R4TispiG7ji6mtdQ==|
|ERROR|2023-07-02 08:46:51.255|http-nio-3170-exec-2||uid=|params: current=1&nonce=61o9edcz&pageSize=10&statusId=1&timestamp=1688258811217&userId=477f3c9feda7e6303190a1381cd49d68|
|ERROR|2023-07-02 08:46:51.255|http-nio-3170-exec-2||uid=|params: current=1&nonce=61o9edcz&pageSize=10&statusId=1&timestamp=1688258811217&userId=477f3c9feda7e6303190a1381cd49d68|
|ERROR|2023-07-02 08:46:51.255|http-nio-3170-exec-2||uid=|signValue: CFO7gNefqw6zhrso2uA01E40nHW0eyASRR6s+yuE4zwapOQWygbJmTRse7JiKyy9XhUbrek0AIl6APJUAsF4wA==|
|ERROR|2023-07-02 08:46:54.643|http-nio-3170-exec-3||uid=|params: current=1&nonce=obmf6a7n&pageSize=10&statusId=3&timestamp=1688258814532&userId=477f3c9feda7e6303190a1381cd49d68|
|ERROR|2023-07-02 08:46:54.643|http-nio-3170-exec-3||uid=|params: current=1&nonce=obmf6a7n&pageSize=10&statusId=3&timestamp=1688258814532&userId=477f3c9feda7e6303190a1381cd49d68|
|ERROR|2023-07-02 08:46:54.643|http-nio-3170-exec-3||uid=|signValue: BUOkgoV1UwDu/FypN7bS/vWjlsDAmdtlTuYKRdP2oKMJg4kXZun+rdBLLE54WZ+WQSlach1P4+8Jw35O5/Z4ig==|
|ERROR|2023-07-02 08:48:00.593|http-nio-3170-exec-4||uid=|params: articleId=daw1451a5sd2&nonce=8x2dt7lp&timestamp=1688258880168|
|ERROR|2023-07-02 08:48:00.593|http-nio-3170-exec-4||uid=|params: articleId=daw1451a5sd2&nonce=8x2dt7lp&timestamp=1688258880168|
|ERROR|2023-07-02 08:48:00.593|http-nio-3170-exec-4||uid=|signValue: CNo7Zt+Ao3ynw6CF5Dq3sJ+MGJgMCxL3XXNeaasY3r/1nvJG0zIB8V/gDWMOo+aFaktCkun7P32qLqRLiyLcUA==|
|ERROR|2023-07-02 08:48:00.676|http-nio-3170-exec-5||uid=|params: id=477f3c9feda7e6303190a1381cd49d68&nonce=gjj9jgcb&timestamp=1688258880633|
|ERROR|2023-07-02 08:48:00.677|http-nio-3170-exec-5||uid=|params: id=477f3c9feda7e6303190a1381cd49d68&nonce=gjj9jgcb&timestamp=1688258880633|
|ERROR|2023-07-02 08:48:00.677|http-nio-3170-exec-5||uid=|signValue: gxwV+rs3i5+MeBkJon0H1/1nfWNCM8oMbafjJoyxqSq/rw8leyKT7jdyhyN6rpGHuT92sCrwQEMLJXaUXI8FXg==|
|ERROR|2023-07-02 08:48:00.703|http-nio-3170-exec-6||uid=|params: current=1&nonce=c79691n7&pageSize=5&timestamp=1688258880696&userId=477f3c9feda7e6303190a1381cd49d68|
|ERROR|2023-07-02 08:48:00.703|http-nio-3170-exec-6||uid=|params: current=1&nonce=c79691n7&pageSize=5&timestamp=1688258880696&userId=477f3c9feda7e6303190a1381cd49d68|
|ERROR|2023-07-02 08:48:00.703|http-nio-3170-exec-6||uid=|signValue: WSU72iMjbMenhNgUXOpnE3tTzf2WT53CKXkEVXt4TFtt6sPwxnbp+0CTp3WPsglXr74kwdjFLe57bquKHlIGVA==|
|ERROR|2023-07-02 08:48:00.719|http-nio-3170-exec-7||uid=|params: current=1&nonce=0x6nhpqi&pageSize=10&statusId=1&timestamp=1688258880714&userId=477f3c9feda7e6303190a1381cd49d68|
|ERROR|2023-07-02 08:48:00.720|http-nio-3170-exec-7||uid=|params: current=1&nonce=0x6nhpqi&pageSize=10&statusId=1&timestamp=1688258880714&userId=477f3c9feda7e6303190a1381cd49d68|
|ERROR|2023-07-02 08:48:00.720|http-nio-3170-exec-7||uid=|signValue: UYBWWU+A8iEEDGKbtCe/rRNwxt0iKcILw2euajumF1TlFJpbUhFr3wYVfeU60qhkkENSWe8/TMPAKojr/+kY6Q==|
|ERROR|2023-07-02 08:53:55.027|http-nio-3170-exec-8||uid=|params: id=477f3c9feda7e6303190a1381cd49d68&nonce=iq7fnc6n&timestamp=1688259235013|
|ERROR|2023-07-02 08:53:55.027|http-nio-3170-exec-8||uid=|params: id=477f3c9feda7e6303190a1381cd49d68&nonce=iq7fnc6n&timestamp=1688259235013|
|ERROR|2023-07-02 08:53:55.027|http-nio-3170-exec-8||uid=|signValue: I+aoIy9TdCdkp7yyVD33wsURiLrjkaBSlnX0IOV7sY6pdk8y+df/K0KuQbjTcgmrF3zXnOf7QaGgiGQBNRVqvA==|
|ERROR|2023-07-02 08:53:55.085|http-nio-3170-exec-9||uid=|params: current=1&nonce=f130bpxe&pageSize=5&timestamp=1688259235067&userId=477f3c9feda7e6303190a1381cd49d68|
|ERROR|2023-07-02 08:53:55.086|http-nio-3170-exec-9||uid=|params: current=1&nonce=f130bpxe&pageSize=5&timestamp=1688259235067&userId=477f3c9feda7e6303190a1381cd49d68|
|ERROR|2023-07-02 08:53:55.086|http-nio-3170-exec-9||uid=|signValue: IQARru5zGUb5LdSDkdsKuELa4vLZAeibPSpD5R4UWgKQvzVz8FKQgF1g7AUFB1YKbBVbIl4WNdIRgeNeXGWLiw==|
|ERROR|2023-07-02 08:53:55.114|http-nio-3170-exec-10||uid=|params: current=1&nonce=ziz7dpij&pageSize=10&statusId=1&timestamp=1688259235104&userId=477f3c9feda7e6303190a1381cd49d68|
|ERROR|2023-07-02 08:53:55.114|http-nio-3170-exec-10||uid=|params: current=1&nonce=ziz7dpij&pageSize=10&statusId=1&timestamp=1688259235104&userId=477f3c9feda7e6303190a1381cd49d68|
|ERROR|2023-07-02 08:53:55.114|http-nio-3170-exec-10||uid=|signValue: Ze9cQZL1CD7Q3Dp6fUbJLiIrgJRauVF/DDrOujp2WfFuxFqzMF1l1qGlNu18OzSfcrzSk3vb9xY2TS5plu8otw==|
|ERROR|2023-07-02 08:54:05.643|http-nio-3170-exec-1||uid=|params: nonce=m390t171&timestamp=1688259245618|
|ERROR|2023-07-02 08:54:05.643|http-nio-3170-exec-2||uid=|params: id=477f3c9feda7e6303190a1381cd49d68&nonce=ihhcxw8e&timestamp=1688259245624|
|ERROR|2023-07-02 08:54:05.643|http-nio-3170-exec-2||uid=|params: id=477f3c9feda7e6303190a1381cd49d68&nonce=ihhcxw8e&timestamp=1688259245624|
|ERROR|2023-07-02 08:54:05.643|http-nio-3170-exec-1||uid=|params: nonce=m390t171&timestamp=1688259245618|
|ERROR|2023-07-02 08:54:05.643|http-nio-3170-exec-2||uid=|signValue: OT9+ihGfEIlDWNrvTx9Siq3BIVq74dF3QEnBV1TeqSiOGPiOGSWZf3eeAx+Od504l+Jc4tiTrbMPDrqly9te7A==|
|ERROR|2023-07-02 08:54:05.643|http-nio-3170-exec-1||uid=|signValue: Gc8kQMLUmp1K16SZit+ynlN1h8ZBfzMWLcDjomYrneGdJuUIV/WiHtI9tbHkL3Begv0VajqDuOIRq0MlQAgDRw==|
|ERROR|2023-07-02 08:54:05.644|http-nio-3170-exec-3||uid=|params: current=1&nonce=6c2mf5al&pageSize=10&statusId=3&timestamp=1688259245629|
|ERROR|2023-07-02 08:54:05.645|http-nio-3170-exec-3||uid=|params: current=1&nonce=6c2mf5al&pageSize=10&statusId=3&timestamp=1688259245629|
|ERROR|2023-07-02 08:54:05.645|http-nio-3170-exec-3||uid=|signValue: b1GuTMbVj73igUf9XnBRvFD4g069U3qf+RqWIDKKt8vvoeqjtANxwzYPEB6xznRn5ZcT8/znoG2p6GxMD/yvYQ==|
|ERROR|2023-07-02 08:54:05.701|http-nio-3170-exec-4||uid=|params: current=1&nonce=pxjknltk&pageSize=5&timestamp=1688259245691&userId=477f3c9feda7e6303190a1381cd49d68|
|ERROR|2023-07-02 08:54:05.701|http-nio-3170-exec-4||uid=|params: current=1&nonce=pxjknltk&pageSize=5&timestamp=1688259245691&userId=477f3c9feda7e6303190a1381cd49d68|
|ERROR|2023-07-02 08:54:05.701|http-nio-3170-exec-4||uid=|signValue: fMjQWi8aAUrvd5hOfoo/dnkDuzMvkXQ1Ct+8Bll9SB3NvU17/Ts8Rl8tWKVG1+abyoZnXz6fGBJZgI2JDQz8OA==|
|ERROR|2023-07-02 08:54:05.728|http-nio-3170-exec-5||uid=|params: current=1&nonce=3f48k9ul&pageSize=10&statusId=3&timestamp=1688259245720&userId=477f3c9feda7e6303190a1381cd49d68|
|ERROR|2023-07-02 08:54:05.728|http-nio-3170-exec-5||uid=|params: current=1&nonce=3f48k9ul&pageSize=10&statusId=3&timestamp=1688259245720&userId=477f3c9feda7e6303190a1381cd49d68|
|ERROR|2023-07-02 08:54:05.728|http-nio-3170-exec-5||uid=|signValue: Rv9IC56jIv4HaFJk2V+r6ZwnKVmnR0I3lGmsvAPINolv9h5j8uW34diQLXMWNnDQ3Zc8NlOsXgD5/GxUuHsF/Q==|
|ERROR|2023-07-02 08:54:34.753|http-nio-3170-exec-6||uid=|params: id=477f3c9feda7e6303190a1381cd49d68&nonce=dxu9kfg2&timestamp=1688259274739|
|ERROR|2023-07-02 08:54:34.753|http-nio-3170-exec-6||uid=|params: id=477f3c9feda7e6303190a1381cd49d68&nonce=dxu9kfg2&timestamp=1688259274739|
|ERROR|2023-07-02 08:54:34.753|http-nio-3170-exec-6||uid=|signValue: BTCaskzFVuLG6Ar8a4oF1bhZyL3qvVHEZSeKjme7++Dd2aTAVgvT+wtYZUQ/h4rwJ97OjGTBsbBUKcekNrkOiw==|
|ERROR|2023-07-02 08:54:34.777|http-nio-3170-exec-7||uid=|params: current=1&nonce=nj5mrx99&pageSize=5&timestamp=1688259274769&userId=477f3c9feda7e6303190a1381cd49d68|
|ERROR|2023-07-02 08:54:34.778|http-nio-3170-exec-7||uid=|params: current=1&nonce=nj5mrx99&pageSize=5&timestamp=1688259274769&userId=477f3c9feda7e6303190a1381cd49d68|
|ERROR|2023-07-02 08:54:34.778|http-nio-3170-exec-7||uid=|signValue: Cn3mQUHtOe7erKzegPxsrBUjvlykLVgca0kmdSvzCyx5z59oa95Qi8OprBy45lVPfKMF1DDII6XGXCc3CRn3rw==|
|ERROR|2023-07-02 08:54:34.826|http-nio-3170-exec-8||uid=|params: current=1&nonce=nxj662dv&pageSize=10&statusId=1&timestamp=1688259274801&userId=477f3c9feda7e6303190a1381cd49d68|
|ERROR|2023-07-02 08:54:34.827|http-nio-3170-exec-8||uid=|params: current=1&nonce=nxj662dv&pageSize=10&statusId=1&timestamp=1688259274801&userId=477f3c9feda7e6303190a1381cd49d68|
|ERROR|2023-07-02 08:54:34.827|http-nio-3170-exec-8||uid=|signValue: Ri3oCIwL8CmiVlyJ5QNMtyzGOGzVdF5KoUqwNAWgxpUdVbX1oZdaUSf3zBmMklc8AfGxkXF23VOFdoNDBqK/PQ==|
|ERROR|2023-07-02 08:56:00.022|http-nio-3170-exec-9||uid=|params: id=477f3c9feda7e6303190a1381cd49d68&nonce=coquhruc&timestamp=1688259360006|
|ERROR|2023-07-02 08:56:00.022|http-nio-3170-exec-10||uid=|params: current=1&nonce=3xe52jk9&pageSize=10&statusId=3&timestamp=1688259360008|
|ERROR|2023-07-02 08:56:00.022|http-nio-3170-exec-9||uid=|params: id=477f3c9feda7e6303190a1381cd49d68&nonce=coquhruc&timestamp=1688259360006|
|ERROR|2023-07-02 08:56:00.022|http-nio-3170-exec-10||uid=|params: current=1&nonce=3xe52jk9&pageSize=10&statusId=3&timestamp=1688259360008|
|ERROR|2023-07-02 08:56:00.023|http-nio-3170-exec-9||uid=|signValue: Qyop+Eukk9oXvN1pYbuuRgHq960n9rFpXMytDg6dY0ZM0Cgw7SavTBrxWIvEjyT3XCB3eawwEINWUqk9m/fNFA==|
|ERROR|2023-07-02 08:56:00.023|http-nio-3170-exec-10||uid=|signValue: QDMniPhxqfMVUseaum/XNMWo7BV8I20QZqyv61tX7/wjVWAQfyA/2ouFbXDzKVEmpX/kL7X7jbzTMmqUBSEdLA==|
|ERROR|2023-07-02 08:56:00.054|http-nio-3170-exec-3||uid=|params: current=1&nonce=27vk7vvg&pageSize=5&timestamp=1688259360043&userId=477f3c9feda7e6303190a1381cd49d68|
|ERROR|2023-07-02 08:56:00.054|http-nio-3170-exec-3||uid=|params: current=1&nonce=27vk7vvg&pageSize=5&timestamp=1688259360043&userId=477f3c9feda7e6303190a1381cd49d68|
|ERROR|2023-07-02 08:56:00.054|http-nio-3170-exec-3||uid=|signValue: W+ejs9dB/+TFw+R3pr4sMGWoUlP2jX2OqGXPSr6oJkT/x6f7M/Z0BlhwjlMTi0gG3pn1Hx5jKFLnyijEKpkhgw==|
|ERROR|2023-07-02 08:56:00.075|http-nio-3170-exec-2||uid=|params: current=1&nonce=zl3gjjur&pageSize=10&statusId=3&timestamp=1688259360068&userId=477f3c9feda7e6303190a1381cd49d68|
|ERROR|2023-07-02 08:56:00.075|http-nio-3170-exec-2||uid=|params: current=1&nonce=zl3gjjur&pageSize=10&statusId=3&timestamp=1688259360068&userId=477f3c9feda7e6303190a1381cd49d68|
|ERROR|2023-07-02 08:56:00.075|http-nio-3170-exec-2||uid=|signValue: UuW+l56vJSa4HFsVPRZQ2arufLmv4SEtRCuTRAzL4WgNMQDFNxlgHBda/9cYd0T3VsXdU6t9K8eNI7qD241ySQ==|
|ERROR|2023-07-02 08:56:04.615|http-nio-3170-exec-1||uid=|params: nonce=8zdqio3s&timestamp=1688259364595|
|ERROR|2023-07-02 08:56:04.615|http-nio-3170-exec-1||uid=|params: nonce=8zdqio3s&timestamp=1688259364595|
|ERROR|2023-07-02 08:56:04.615|http-nio-3170-exec-1||uid=|signValue: DvK6s9sij9NlfELBS5hdp4XpRixGpHz8QDF9keeapAhzghb3vq/dS0VbCLd5ou2GouQUdhV5dKPI7rdNAxHlzQ==|
|ERROR|2023-07-02 08:56:04.617|http-nio-3170-exec-4||uid=|params: id=477f3c9feda7e6303190a1381cd49d68&nonce=3ifycwdg&timestamp=1688259364600|
|ERROR|2023-07-02 08:56:04.617|http-nio-3170-exec-4||uid=|params: id=477f3c9feda7e6303190a1381cd49d68&nonce=3ifycwdg&timestamp=1688259364600|
|ERROR|2023-07-02 08:56:04.618|http-nio-3170-exec-4||uid=|signValue: b28ezIM6cKtLHkj6Ri/lTUhQN2MbKCoc+F5o6xsZb4WgC599vnRvvaLaydQimlBq9EWgCZQzNjOQtHegGer+gw==|
|ERROR|2023-07-02 08:56:04.618|http-nio-3170-exec-5||uid=|params: current=1&nonce=m8k5cft1&pageSize=10&statusId=3&timestamp=1688259364604|
|ERROR|2023-07-02 08:56:04.618|http-nio-3170-exec-5||uid=|params: current=1&nonce=m8k5cft1&pageSize=10&statusId=3&timestamp=1688259364604|
|ERROR|2023-07-02 08:56:04.618|http-nio-3170-exec-5||uid=|signValue: U/VnPV7Wr2Cd0Jh64KzmXdXF0G3KZWp4RSJnxx3h6tBkgHwEbGXo/NQYUQopdTHtC7v65o1cyBc6u/AMI5fHyA==|
|ERROR|2023-07-02 08:56:04.660|http-nio-3170-exec-6||uid=|params: current=1&nonce=f4vy6hqx&pageSize=5&timestamp=1688259364653&userId=477f3c9feda7e6303190a1381cd49d68|
|ERROR|2023-07-02 08:56:04.660|http-nio-3170-exec-6||uid=|params: current=1&nonce=f4vy6hqx&pageSize=5&timestamp=1688259364653&userId=477f3c9feda7e6303190a1381cd49d68|
|ERROR|2023-07-02 08:56:04.660|http-nio-3170-exec-6||uid=|signValue: Z2m9h9aECrLrZx6DbegVVQ+vPm0QATMz1wZ/Xk+ggo9mUdVVtFc7UCfxBhWNupK4weCaIZVWQAnBWEVnTE2XQw==|
|ERROR|2023-07-02 08:56:04.690|http-nio-3170-exec-7||uid=|params: current=1&nonce=p50slm0s&pageSize=10&statusId=3&timestamp=1688259364679&userId=477f3c9feda7e6303190a1381cd49d68|
|ERROR|2023-07-02 08:56:04.690|http-nio-3170-exec-7||uid=|params: current=1&nonce=p50slm0s&pageSize=10&statusId=3&timestamp=1688259364679&userId=477f3c9feda7e6303190a1381cd49d68|
|ERROR|2023-07-02 08:56:04.690|http-nio-3170-exec-7||uid=|signValue: fGTLQT7Hh9rgm/EAj8ILBvZ02UyJ9Z5EaO1sgxbAXYCfz/CmrNw/DiRTAdRzkCO9Prox2TSZYIgXtrnLHqwwug==|
|ERROR|2023-07-02 08:56:18.724|http-nio-3170-exec-8||uid=|params: nonce=srtzs4bg&timestamp=1688259378681|
|ERROR|2023-07-02 08:56:18.724|http-nio-3170-exec-8||uid=|params: nonce=srtzs4bg&timestamp=1688259378681|
|ERROR|2023-07-02 08:56:18.724|http-nio-3170-exec-8||uid=|signValue: drc5w38tk/K0Z2RCAjmEOJkszozU7QL5+8AYYGKOUcwVR4yApH+atZicVZ13eRJV+HUYWBntBMuNlCLeZvWSNw==|
|ERROR|2023-07-02 08:56:18.733|http-nio-3170-exec-10||uid=|params: id=477f3c9feda7e6303190a1381cd49d68&nonce=e0de8wp9&timestamp=1688259378695|
|ERROR|2023-07-02 08:56:18.734|http-nio-3170-exec-10||uid=|params: id=477f3c9feda7e6303190a1381cd49d68&nonce=e0de8wp9&timestamp=1688259378695|
|ERROR|2023-07-02 08:56:18.735|http-nio-3170-exec-10||uid=|signValue: CLRek/XEuuR6F9ymLBi3TFBkfXTzXdXtS2x1srgchmqnKd+3v66nxkvpTi6XTlfvk78xFXsl1hGaqGtszLjYSw==|
|ERROR|2023-07-02 08:56:18.745|http-nio-3170-exec-9||uid=|params: current=1&nonce=hze0o55r&pageSize=10&statusId=3&timestamp=1688259378701|
|ERROR|2023-07-02 08:56:18.745|http-nio-3170-exec-9||uid=|params: current=1&nonce=hze0o55r&pageSize=10&statusId=3&timestamp=1688259378701|
|ERROR|2023-07-02 08:56:18.745|http-nio-3170-exec-9||uid=|signValue: KmJl1dRuasE23Zq2RMOdRW3Sv+2irDyS9eGAZeEM/3cZ4rPeF0FUwfvO3H8ONjot9R+QbKWv8jon/CVsKdJvIg==|
|ERROR|2023-07-02 08:56:18.882|http-nio-3170-exec-3||uid=|params: current=1&nonce=eoysh3aj&pageSize=5&timestamp=1688259378865&userId=477f3c9feda7e6303190a1381cd49d68|
|ERROR|2023-07-02 08:56:18.882|http-nio-3170-exec-3||uid=|params: current=1&nonce=eoysh3aj&pageSize=5&timestamp=1688259378865&userId=477f3c9feda7e6303190a1381cd49d68|
|ERROR|2023-07-02 08:56:18.882|http-nio-3170-exec-3||uid=|signValue: RDXZyPIei/vgDP7Iv7t5mwAeD2JroReUW+hiUwMIDR2bHz4QhqKD9D4oj1c89hBhEQ2JTOJI4O2SkC/3DPtOow==|
|ERROR|2023-07-02 08:56:18.909|http-nio-3170-exec-2||uid=|params: current=1&nonce=tnsqlxe7&pageSize=10&statusId=3&timestamp=1688259378898&userId=477f3c9feda7e6303190a1381cd49d68|
|ERROR|2023-07-02 08:56:18.909|http-nio-3170-exec-2||uid=|params: current=1&nonce=tnsqlxe7&pageSize=10&statusId=3&timestamp=1688259378898&userId=477f3c9feda7e6303190a1381cd49d68|
|ERROR|2023-07-02 08:56:18.909|http-nio-3170-exec-2||uid=|signValue: dvfLOFLoXsQ5Jrz8tqrNExNNsL7iSEG2qRWATmsGmy1/64fbZGqXTZb51xxe+2JS0aih6RvqBcwcHM6qhP9LKg==|
|ERROR|2023-07-02 08:57:49.568|http-nio-3170-exec-5||uid=|params: id=477f3c9feda7e6303190a1381cd49d68&nonce=axefvhz9&timestamp=1688259469544|
|ERROR|2023-07-02 08:57:49.568|http-nio-3170-exec-5||uid=|params: id=477f3c9feda7e6303190a1381cd49d68&nonce=axefvhz9&timestamp=1688259469544|
|ERROR|2023-07-02 08:57:49.568|http-nio-3170-exec-5||uid=|signValue: bHg7qnm35H93pKKuV/Gj6x79Ly+QqhxaR9h8lplbX4FJXS1KO/19NN84axhR+/Zzp2ElCOouwh2DM/nkB1wnug==|
|ERROR|2023-07-02 08:57:49.610|http-nio-3170-exec-4||uid=|params: current=1&nonce=7jomudgf&pageSize=5&timestamp=1688259469588&userId=477f3c9feda7e6303190a1381cd49d68|
|ERROR|2023-07-02 08:57:49.610|http-nio-3170-exec-4||uid=|params: current=1&nonce=7jomudgf&pageSize=5&timestamp=1688259469588&userId=477f3c9feda7e6303190a1381cd49d68|
|ERROR|2023-07-02 08:57:49.610|http-nio-3170-exec-4||uid=|signValue: QOHwDQqFiaE+eDupDcrGaHJvwHmWrb8S/p5uiwcyaBn7ajrrLZuNhRXxHd0qcfORg4XEZdUAAfULLE6CPrvY6A==|
|ERROR|2023-07-02 08:57:49.636|http-nio-3170-exec-1||uid=|params: current=1&nonce=objknbqf&pageSize=10&statusId=1&timestamp=1688259469628&userId=477f3c9feda7e6303190a1381cd49d68|
|ERROR|2023-07-02 08:57:49.636|http-nio-3170-exec-1||uid=|params: current=1&nonce=objknbqf&pageSize=10&statusId=1&timestamp=1688259469628&userId=477f3c9feda7e6303190a1381cd49d68|
|ERROR|2023-07-02 08:57:49.636|http-nio-3170-exec-1||uid=|signValue: NZ3Cf57+Fbds694OrEJ36aXfD84fgT2myhgc1lk3t0tdstH+ZhW9Vl/76vyn0wVn5HECiw6FCjnmzNhDkH/keg==|
|ERROR|2023-07-02 08:57:53.062|http-nio-3170-exec-6||uid=|params: nonce=rbzjdv20&timestamp=1688259473036|
|ERROR|2023-07-02 08:57:53.062|http-nio-3170-exec-6||uid=|params: nonce=rbzjdv20&timestamp=1688259473036|
|ERROR|2023-07-02 08:57:53.062|http-nio-3170-exec-6||uid=|signValue: CSg79cobA05RGHiafm3NopKY8Qun52Q1qTybb1Ue2ZITM5CZ1MAgajiJbLnf8Mpe5Ll0sAsbsx1WJRO0KXUIDQ==|
|ERROR|2023-07-02 08:57:53.062|http-nio-3170-exec-7||uid=|params: id=477f3c9feda7e6303190a1381cd49d68&nonce=pxhcbp58&timestamp=1688259473045|
|ERROR|2023-07-02 08:57:53.062|http-nio-3170-exec-7||uid=|params: id=477f3c9feda7e6303190a1381cd49d68&nonce=pxhcbp58&timestamp=1688259473045|
|ERROR|2023-07-02 08:57:53.062|http-nio-3170-exec-7||uid=|signValue: OY27QanftZGKADm2JdUm53j6YppW0xPIapPQH+MqmvtI4fSgpOcDKRd7o0lmnf7QpmrvwnUaq77xBGd5YGAgeg==|
|ERROR|2023-07-02 08:57:53.122|http-nio-3170-exec-9||uid=|params: current=1&nonce=os458h77&pageSize=5&timestamp=1688259473112&userId=477f3c9feda7e6303190a1381cd49d68|
|ERROR|2023-07-02 08:57:53.122|http-nio-3170-exec-9||uid=|params: current=1&nonce=os458h77&pageSize=5&timestamp=1688259473112&userId=477f3c9feda7e6303190a1381cd49d68|
|ERROR|2023-07-02 08:57:53.122|http-nio-3170-exec-9||uid=|signValue: H12VRrdzYOZGC652rnw3J8BaEiB8VLEZ0+TpcZzKDP6G6R950vzAqv8BYeNCvW1w3lwb4FTw+WiNGPtAWiqK+g==|
|ERROR|2023-07-02 08:57:53.144|http-nio-3170-exec-8||uid=|params: current=1&nonce=qfyv1j7c&pageSize=10&statusId=1&timestamp=1688259473136&userId=477f3c9feda7e6303190a1381cd49d68|
|ERROR|2023-07-02 08:57:53.144|http-nio-3170-exec-8||uid=|params: current=1&nonce=qfyv1j7c&pageSize=10&statusId=1&timestamp=1688259473136&userId=477f3c9feda7e6303190a1381cd49d68|
|ERROR|2023-07-02 08:57:53.144|http-nio-3170-exec-8||uid=|signValue: a2Yr64nO7ZiDtS3+pqaqN8eo+z+VbMSl85/JQw4A2tmey7k4PjY6JQF8BzWgwYcFMa74AQsvzVDnwzVJPBzMHw==|
|ERROR|2023-07-02 08:58:13.291|http-nio-3170-exec-10||uid=|params: id=477f3c9feda7e6303190a1381cd49d68&nonce=rl172rxv&timestamp=1688259493276|
|ERROR|2023-07-02 08:58:13.291|http-nio-3170-exec-10||uid=|params: id=477f3c9feda7e6303190a1381cd49d68&nonce=rl172rxv&timestamp=1688259493276|
|ERROR|2023-07-02 08:58:13.291|http-nio-3170-exec-10||uid=|signValue: Ia5doJJEiGWbIzRTCRYi+1mxJNp7UKD3RI0bFf6Bh8Ac2uYuTTV5g/VHKxr409pTVTWzZz1RDsV1K30/MhtEsQ==|
|ERROR|2023-07-02 08:58:13.323|http-nio-3170-exec-3||uid=|params: current=1&nonce=a3hfzfd1&pageSize=5&timestamp=1688259493307&userId=477f3c9feda7e6303190a1381cd49d68|
|ERROR|2023-07-02 08:58:13.323|http-nio-3170-exec-3||uid=|params: current=1&nonce=a3hfzfd1&pageSize=5&timestamp=1688259493307&userId=477f3c9feda7e6303190a1381cd49d68|
|ERROR|2023-07-02 08:58:13.323|http-nio-3170-exec-3||uid=|signValue: VEWfWAjj067yXr209lLS5uqK4iYObb6D+FZOnHNuuVxFhfyLUf6RPL1JMKPfqamrUPt3ZvsWTg6R42wk79fs0w==|
|ERROR|2023-07-02 08:58:13.348|http-nio-3170-exec-2||uid=|params: current=1&nonce=ncrndniy&pageSize=10&statusId=1&timestamp=1688259493337&userId=477f3c9feda7e6303190a1381cd49d68|
|ERROR|2023-07-02 08:58:13.348|http-nio-3170-exec-2||uid=|params: current=1&nonce=ncrndniy&pageSize=10&statusId=1&timestamp=1688259493337&userId=477f3c9feda7e6303190a1381cd49d68|
|ERROR|2023-07-02 08:58:13.348|http-nio-3170-exec-2||uid=|signValue: Ou/vC0tMoH1kV6xWbxxYs1mkE1656Q9K+ySTyKFqN5AarCYtGehusExq3c7W+XHsD7lv5W/wqoCyCeJE+74S1g==|
|ERROR|2023-07-02 08:58:13.378|http-nio-3170-exec-5||uid=|params: current=1&nonce=4vabd2ep&pageSize=10&statusId=3&timestamp=1688259493369&userId=477f3c9feda7e6303190a1381cd49d68|
|ERROR|2023-07-02 08:58:13.378|http-nio-3170-exec-5||uid=|params: current=1&nonce=4vabd2ep&pageSize=10&statusId=3&timestamp=1688259493369&userId=477f3c9feda7e6303190a1381cd49d68|
|ERROR|2023-07-02 08:58:13.378|http-nio-3170-exec-5||uid=|signValue: N44ZJ/+8Vx+sT5SgO0kQjl1fkRMg1wFVUWmwmPN4F+C1PpTyuxbr/j7Hg8v3NyjJa78nvm/uBGthZTsbnECbvg==|
|ERROR|2023-07-02 08:58:15.432|http-nio-3170-exec-4||uid=|params: nonce=d9bfg1de&timestamp=1688259495409|
|ERROR|2023-07-02 08:58:15.432|http-nio-3170-exec-4||uid=|params: nonce=d9bfg1de&timestamp=1688259495409|
|ERROR|2023-07-02 08:58:15.432|http-nio-3170-exec-4||uid=|signValue: a0NPP7mEOydYsj3l2dWeXI1NITZi+YNP2/7ejbHgQUg0+ngFZjzWfNHhNCyDQKl1PaxQsfuNWy7mAm0U9oB2og==|
|ERROR|2023-07-02 08:58:15.432|http-nio-3170-exec-1||uid=|params: id=477f3c9feda7e6303190a1381cd49d68&nonce=lgpq8jyj&timestamp=1688259495414|
|ERROR|2023-07-02 08:58:15.432|http-nio-3170-exec-1||uid=|params: id=477f3c9feda7e6303190a1381cd49d68&nonce=lgpq8jyj&timestamp=1688259495414|
|ERROR|2023-07-02 08:58:15.432|http-nio-3170-exec-1||uid=|signValue: Z6/ELa9xqkutnrnrTQKzDlDpW2rBnLFakbG6IhRdRG4Sbma4tkfnzNpldOjkvRsW9sGuiP6aJKS1YW/eq+Ku1Q==|
|ERROR|2023-07-02 08:58:15.463|http-nio-3170-exec-7||uid=|params: current=1&nonce=1d47777q&pageSize=5&timestamp=1688259495454&userId=477f3c9feda7e6303190a1381cd49d68|
|ERROR|2023-07-02 08:58:15.463|http-nio-3170-exec-7||uid=|params: current=1&nonce=1d47777q&pageSize=5&timestamp=1688259495454&userId=477f3c9feda7e6303190a1381cd49d68|
|ERROR|2023-07-02 08:58:15.463|http-nio-3170-exec-7||uid=|signValue: fO2j5fbinQwrqQELJQoJ8hDanThH0UYEPaPc6oXT2rFHz6sDMXH48YiuC/lc0mr6sHJsMjrXNbWbf6iegQVx5w==|
|ERROR|2023-07-02 08:58:15.484|http-nio-3170-exec-6||uid=|params: current=1&nonce=nibrb846&pageSize=10&statusId=1&timestamp=1688259495476&userId=477f3c9feda7e6303190a1381cd49d68|
|ERROR|2023-07-02 08:58:15.484|http-nio-3170-exec-6||uid=|params: current=1&nonce=nibrb846&pageSize=10&statusId=1&timestamp=1688259495476&userId=477f3c9feda7e6303190a1381cd49d68|
|ERROR|2023-07-02 08:58:15.484|http-nio-3170-exec-6||uid=|signValue: Gjy3cdcJKD21Eu6WyL/TVe6oL7yxZnHnGQ4VQ8hu85CS0RaunbSLPRRHGXtGKktvTWpzbBXlOUm8tv8DFJ+/Bg==|
|ERROR|2023-07-02 08:58:15.676|http-nio-3170-exec-9||uid=|params: current=1&nonce=0tk7as95&pageSize=10&statusId=3&timestamp=1688259495668&userId=477f3c9feda7e6303190a1381cd49d68|
|ERROR|2023-07-02 08:58:15.676|http-nio-3170-exec-9||uid=|params: current=1&nonce=0tk7as95&pageSize=10&statusId=3&timestamp=1688259495668&userId=477f3c9feda7e6303190a1381cd49d68|
|ERROR|2023-07-02 08:58:15.676|http-nio-3170-exec-9||uid=|signValue: QeOZ8aTteQ0i0M9X94BcWkAUHIxO31pmP/YSYNZGxdyjcfNxnPyWb9KjSJ7J8Wjn0+bmxIIVZtPtb5hMDch4iA==|
|ERROR|2023-07-02 08:58:18.233|http-nio-3170-exec-8||uid=|params: current=1&nonce=eoszqxdf&pageSize=10&statusId=1&timestamp=1688259498168&userId=477f3c9feda7e6303190a1381cd49d68|
|ERROR|2023-07-02 08:58:18.233|http-nio-3170-exec-8||uid=|params: current=1&nonce=eoszqxdf&pageSize=10&statusId=1&timestamp=1688259498168&userId=477f3c9feda7e6303190a1381cd49d68|
|ERROR|2023-07-02 08:58:18.233|http-nio-3170-exec-8||uid=|signValue: bnuNgCC+ai6UXg0aIjuSy7h5dWDtw0f1vMn95504M8ZYfnazyejQi7MhL980GkZa1a1nbwlk4Ep8ig0zSWxDYw==|
|ERROR|2023-07-02 09:05:13.247|http-nio-3170-exec-10||uid=|params: current=1&nonce=zdj8tgsv&pageSize=10&statusId=4&timestamp=1688259913179&userId=477f3c9feda7e6303190a1381cd49d68|
|ERROR|2023-07-02 09:05:13.247|http-nio-3170-exec-10||uid=|params: current=1&nonce=zdj8tgsv&pageSize=10&statusId=4&timestamp=1688259913179&userId=477f3c9feda7e6303190a1381cd49d68|
|ERROR|2023-07-02 09:05:13.248|http-nio-3170-exec-10||uid=|signValue: Z/cnD/sioCXfX0SJvL9O7ZmAX/cATVC+IDcH/gd54JTPZTvIJZ/uCKR7OdXCFbtMDiIgS8qdfMaDrGzQRnI8LA==|
|ERROR|2023-07-02 09:05:14.270|http-nio-3170-exec-3||uid=|params: current=1&nonce=nqd75duy&pageSize=10&statusId=1&timestamp=1688259914216&userId=477f3c9feda7e6303190a1381cd49d68|
|ERROR|2023-07-02 09:05:14.271|http-nio-3170-exec-3||uid=|params: current=1&nonce=nqd75duy&pageSize=10&statusId=1&timestamp=1688259914216&userId=477f3c9feda7e6303190a1381cd49d68|
|ERROR|2023-07-02 09:05:14.271|http-nio-3170-exec-3||uid=|signValue: fl+e7vafBXkdzm8II3dtWiZ40iWNKn7KrayPONWCUqvpdjFYoMkEWRywdiJ6i6dK7WEaLs9yVoMbAMWwgY8kgg==|
|ERROR|2023-07-02 09:08:41.931|http-nio-3170-exec-2||uid=|params: id=477f3c9feda7e6303190a1381cd49d68&nonce=tl101bf3&timestamp=1688260121915|
|ERROR|2023-07-02 09:08:41.931|http-nio-3170-exec-2||uid=|params: id=477f3c9feda7e6303190a1381cd49d68&nonce=tl101bf3&timestamp=1688260121915|
|ERROR|2023-07-02 09:08:41.931|http-nio-3170-exec-2||uid=|signValue: cEk5awqJT4GTpqom7tCdUkjKy54w3kdOTfmUIOZEcAHwYOctAkFPsYMA5rAduU7HQXqfGNkNbHQrLast6R+WAA==|
|ERROR|2023-07-02 09:08:41.961|http-nio-3170-exec-5||uid=|params: current=1&nonce=i1zo8yyb&pageSize=5&timestamp=1688260121949&userId=477f3c9feda7e6303190a1381cd49d68|
|ERROR|2023-07-02 09:08:41.961|http-nio-3170-exec-5||uid=|params: current=1&nonce=i1zo8yyb&pageSize=5&timestamp=1688260121949&userId=477f3c9feda7e6303190a1381cd49d68|
|ERROR|2023-07-02 09:08:41.961|http-nio-3170-exec-5||uid=|signValue: V56RCF9XuBEBH1Sqh2IP2sy0oM9VEnlBVOCGiIx0Lm4oN74/vWvJdoJ7BG3R13fNiiv88X8WST1Ob58aVNgcgA==|
|ERROR|2023-07-02 09:08:41.983|http-nio-3170-exec-1||uid=|params: current=1&nonce=ktb26jci&pageSize=10&statusId=1&timestamp=1688260121975&userId=477f3c9feda7e6303190a1381cd49d68|
|ERROR|2023-07-02 09:08:41.983|http-nio-3170-exec-1||uid=|params: current=1&nonce=ktb26jci&pageSize=10&statusId=1&timestamp=1688260121975&userId=477f3c9feda7e6303190a1381cd49d68|
|ERROR|2023-07-02 09:08:41.983|http-nio-3170-exec-1||uid=|signValue: UVlfrpOy/RbNeHHjsnnHcKYEZEagNsiGVlq7ZJ3hnKZ6hagFUpUzPxx6aTibd62mNC17V3LINCOXPJPEOLNdrg==|
|ERROR|2023-07-02 09:14:09.314|http-nio-3170-exec-4||uid=|params: current=2&nonce=ou0mel81&pageSize=10&statusId=1&timestamp=1688260449290&userId=477f3c9feda7e6303190a1381cd49d68|
|ERROR|2023-07-02 09:14:09.314|http-nio-3170-exec-4||uid=|params: current=2&nonce=ou0mel81&pageSize=10&statusId=1&timestamp=1688260449290&userId=477f3c9feda7e6303190a1381cd49d68|
|ERROR|2023-07-02 09:14:09.314|http-nio-3170-exec-4||uid=|signValue: ctmhaQeUcSaYtt+jUJBmTs1rTsK/UA8pSjGD7mTDbsCO0Vsry/CwhQwJB7xbiyGAJRA8vrvCO4SwLldy7CJVjg==|
|ERROR|2023-07-02 09:14:11.155|http-nio-3170-exec-7||uid=|params: current=1&nonce=wngxnctw&pageSize=10&statusId=1&timestamp=1688260451146&userId=477f3c9feda7e6303190a1381cd49d68|
|ERROR|2023-07-02 09:14:11.155|http-nio-3170-exec-7||uid=|params: current=1&nonce=wngxnctw&pageSize=10&statusId=1&timestamp=1688260451146&userId=477f3c9feda7e6303190a1381cd49d68|
|ERROR|2023-07-02 09:14:11.155|http-nio-3170-exec-7||uid=|signValue: GCLbprQIlQ2OkWjIErGFEMmFU3OPA9puerjmrRmIjc0qfXX7FBsn18XxX5eY5ioeHXvHiaAYQ6PjJmW9algOzg==|
|ERROR|2023-07-02 09:47:26.134|http-nio-3170-exec-6||uid=|params: current=1&nonce=6i3hff9m&pageSize=6&sort=1&timestamp=1688262445690|
|ERROR|2023-07-02 09:47:26.134|http-nio-3170-exec-4||uid=|params: nonce=mwjcfnza&timestamp=1688262445682|
|ERROR|2023-07-02 09:47:26.134|http-nio-3170-exec-5||uid=|params: categoryId=1&current=1&nonce=q8j7w734&pageSize=10&tagId=1&timestamp=1688262445687|
|ERROR|2023-07-02 09:47:26.135|http-nio-3170-exec-4||uid=|params: nonce=mwjcfnza&timestamp=1688262445682|
|ERROR|2023-07-02 09:47:26.135|http-nio-3170-exec-6||uid=|params: current=1&nonce=6i3hff9m&pageSize=6&sort=1&timestamp=1688262445690|
|ERROR|2023-07-02 09:47:26.135|http-nio-3170-exec-5||uid=|params: categoryId=1&current=1&nonce=q8j7w734&pageSize=10&tagId=1&timestamp=1688262445687|
|ERROR|2023-07-02 09:47:26.135|http-nio-3170-exec-4||uid=|signValue: g6dwZf37k5FWax2oOplQ3IAG2w5ZCA8D5sqgi4+1m3CLNWr8QOipIfqscgLilb9fNaBXUBgNrDVWdUHr/tAG5A==|
|ERROR|2023-07-02 09:47:26.135|http-nio-3170-exec-6||uid=|signValue: Jb8LeZeT1z3QTNYbqV37xMJKrkMbI6/QbSp6o0mCEIKEr1gmTs/XI+vdoHO0IM3UEsPaQuMNIfY4HA9/OTk1NQ==|
|ERROR|2023-07-02 09:47:26.135|http-nio-3170-exec-5||uid=|signValue: VwCkBDaeERc/jYyDHHLiyoCyM53usYrQZU5phAkQfwAdkQ5Ei7/1VB2YNsNJaw2QVqyi8TW7rdeaaFx3UoUv+Q==|
|ERROR|2023-07-02 09:48:47.567|http-nio-3170-exec-2||uid=|params: current=1&nonce=fbfgoo9p&pageSize=6&sort=1&timestamp=1688262527207|
|ERROR|2023-07-02 09:48:47.568|http-nio-3170-exec-1||uid=|params: categoryId=1&current=1&nonce=ynk96lpd&pageSize=10&tagId=1&timestamp=1688262527204|
|ERROR|2023-07-02 09:48:47.568|http-nio-3170-exec-2||uid=|params: current=1&nonce=fbfgoo9p&pageSize=6&sort=1&timestamp=1688262527207|
|ERROR|2023-07-02 09:48:47.568|http-nio-3170-exec-2||uid=|signValue: PKQQpteZ+Jh1JtfoL33i8xTZJk2XXRUq4j1rWFL/9Gj8oVN9Y6pL4LiPxUQC1Bb6PTrUz+CpsTG1ho62UrpXZQ==|
|ERROR|2023-07-02 09:48:47.568|http-nio-3170-exec-1||uid=|params: categoryId=1&current=1&nonce=ynk96lpd&pageSize=10&tagId=1&timestamp=1688262527204|
|ERROR|2023-07-02 09:48:47.568|http-nio-3170-exec-1||uid=|signValue: NLCRL7UgudLraSX4uGlL1fPQ/HEoGw2TNdCnYFynomwvOf8bEfQAeot1AHO3/vMDyN2EnTl/FrE/dy1IN6VwvQ==|
|ERROR|2023-07-02 09:48:53.165|http-nio-3170-exec-6||uid=|params: categoryId=1&current=1&nonce=udowd7mu&pageSize=10&tagId=1&timestamp=1688262533142|
|ERROR|2023-07-02 09:48:53.165|http-nio-3170-exec-7||uid=|params: current=1&nonce=snit1frd&pageSize=6&sort=1&timestamp=1688262533144|
|ERROR|2023-07-02 09:48:53.166|http-nio-3170-exec-7||uid=|params: current=1&nonce=snit1frd&pageSize=6&sort=1&timestamp=1688262533144|
|ERROR|2023-07-02 09:48:53.166|http-nio-3170-exec-6||uid=|params: categoryId=1&current=1&nonce=udowd7mu&pageSize=10&tagId=1&timestamp=1688262533142|
|ERROR|2023-07-02 09:48:53.166|http-nio-3170-exec-7||uid=|signValue: bxsoVbeB0eF01WqWHE/ADXmyyD7O/5YUDfIzCd46daK1UdiQTU8LPnZiR7L3AVLkAQ9A6QD2i2nx1zAJcMthfA==|
|ERROR|2023-07-02 09:48:53.166|http-nio-3170-exec-6||uid=|signValue: fIBee6sAL6SzqKpbgXqPlqF3cYWUgXU7dSVJdL2SBQGMrQyaAmxgeL7PjGZrcjvCPcflfbN3vM2fyx6SKL/WAw==|
|ERROR|2023-07-02 09:48:53.221|http-nio-3170-exec-3||uid=|params: nonce=7wqer3ki&timestamp=1688262533141|
|ERROR|2023-07-02 09:48:53.221|http-nio-3170-exec-3||uid=|params: nonce=7wqer3ki&timestamp=1688262533141|
|ERROR|2023-07-02 09:48:53.221|http-nio-3170-exec-3||uid=|signValue: Tst3Mmf7bvByOy6B5rZLfM9GTEhf/zKmU+Nie/7HXYuL7lPHnjtlxMFd81Jb+smAQn5sZ9fh6caXht1vwaL/XA==|
|ERROR|2023-07-02 09:49:01.670|http-nio-3170-exec-8||uid=|params: articleId=12345645&nonce=j0k6bsqh&timestamp=1688262541642|
|ERROR|2023-07-02 09:49:01.671|http-nio-3170-exec-8||uid=|params: articleId=12345645&nonce=j0k6bsqh&timestamp=1688262541642|
|ERROR|2023-07-02 09:49:01.671|http-nio-3170-exec-8||uid=|signValue: DKifcDvaXkJyGqTUb61uWSXaF+xBUpbPxosBimZtjs8/Zdk/t1/2xSPK5Su/JP7HkOGJjn8bKrxEgQjbVP3V7A==|
|ERROR|2023-07-02 09:49:01.758|http-nio-3170-exec-9||uid=|params: articleId=12345645&nonce=n5663ejr&timestamp=1688262541742|
|ERROR|2023-07-02 09:49:01.759|http-nio-3170-exec-9||uid=|params: articleId=12345645&nonce=n5663ejr&timestamp=1688262541742|
|ERROR|2023-07-02 09:49:01.759|http-nio-3170-exec-9||uid=|signValue: d9SeIoZHHO2Kt0Qk2wrBv2R2HgkqSspArtfEeQPy7tIV0hAEOnXjIaQk1FAS4InOCVbZEyASN21mXsq/Gn8yuA==|
|ERROR|2023-07-02 18:16:02.167|http-nio-3170-exec-5||uid=|params: articleId=12345645&nonce=cju9fc80&timestamp=1688292961903|
|ERROR|2023-07-02 18:16:02.168|http-nio-3170-exec-5||uid=|params: articleId=12345645&nonce=cju9fc80&timestamp=1688292961903|
|ERROR|2023-07-02 18:16:02.168|http-nio-3170-exec-5||uid=|signValue: KQgccEVejEmxVKbiVRDnU+2KMUUS2XbOwAVEMOGu2PR61fhLegHmk9GFFjFQzX3l2uLqyhbu5HC4ik1CZAE6LQ==|
|ERROR|2023-07-02 18:16:02.629|http-nio-3170-exec-6||uid=|params: articleId=12345645&nonce=ftsts6sa&timestamp=1688292962614|
|ERROR|2023-07-02 18:16:02.629|http-nio-3170-exec-6||uid=|params: articleId=12345645&nonce=ftsts6sa&timestamp=1688292962614|
|ERROR|2023-07-02 18:16:02.629|http-nio-3170-exec-6||uid=|signValue: bnSHN4xnKhX002BsoQ/kJWbSh91TqIx9eX8XStyIZc68ylolG+irpPDCpSrqFoH6OdKOxJqfuoeCroCr8h++8g==|
|ERROR|2023-07-02 18:18:41.581|http-nio-3170-exec-7||uid=|params: nonce=afuzyjw9&timestamp=1688293121314|
|ERROR|2023-07-02 18:18:41.581|http-nio-3170-exec-9||uid=|params: current=1&nonce=9t6t9zp8&pageSize=6&sort=1&timestamp=1688293121320|
|ERROR|2023-07-02 18:18:41.581|http-nio-3170-exec-7||uid=|params: nonce=afuzyjw9&timestamp=1688293121314|
|ERROR|2023-07-02 18:18:41.581|http-nio-3170-exec-7||uid=|signValue: LmBew1iXd+xLiUn48+4kKWOz3EH3+LuxML/q98qmZSogGuzzWbZlGd3ZEB+cx5UN9MB+ECH0ZFX/2ZprG/3qmA==|
|ERROR|2023-07-02 18:18:41.581|http-nio-3170-exec-9||uid=|params: current=1&nonce=9t6t9zp8&pageSize=6&sort=1&timestamp=1688293121320|
|ERROR|2023-07-02 18:18:41.581|http-nio-3170-exec-9||uid=|signValue: RP6K1AOb5nJLicCIy9YGWnVn+So3jt4eCnIXmhPFjuiLxD6n/jECTYGRyFibiggPlYzFo3G+DYrpiItrnGu6tg==|
|ERROR|2023-07-02 18:18:41.585|http-nio-3170-exec-5||uid=|params: categoryId=1&current=1&nonce=0b6zgptz&pageSize=10&tagId=1&timestamp=1688293121319|
|ERROR|2023-07-02 18:18:41.585|http-nio-3170-exec-5||uid=|params: categoryId=1&current=1&nonce=0b6zgptz&pageSize=10&tagId=1&timestamp=1688293121319|
|ERROR|2023-07-02 18:18:41.585|http-nio-3170-exec-5||uid=|signValue: dIBimUs5Q/vNirQ24rYRW/UvDWOpWC5iVl7yv81Xo+wUtWpTw7wND96qfP/2vUErGW3peZXSvet7ixZAwxH4FA==|
|ERROR|2023-07-02 18:34:37.864|restartedMain||uid=|

***************************
APPLICATION FAILED TO START
***************************

Description:

Web server failed to start. Port 3170 was already in use.

Action:

Identify and stop the process that's listening on port 3170 or configure this application to listen on another port.
|
|ERROR|2023-07-02 18:45:26.684|http-nio-3170-exec-4||uid=|params: nonce=7cizr8e8&timestamp=1688294726336|
|ERROR|2023-07-02 18:45:26.684|http-nio-3170-exec-5||uid=|params: categoryId=1&current=1&nonce=k51zb398&pageSize=10&tagId=1&timestamp=1688294726338|
|ERROR|2023-07-02 18:45:26.684|http-nio-3170-exec-6||uid=|params: current=1&nonce=9c4j4anx&pageSize=6&sort=1&timestamp=1688294726341|
|ERROR|2023-07-02 18:45:26.685|http-nio-3170-exec-4||uid=|params: nonce=7cizr8e8&timestamp=1688294726336|
|ERROR|2023-07-02 18:45:26.685|http-nio-3170-exec-6||uid=|params: current=1&nonce=9c4j4anx&pageSize=6&sort=1&timestamp=1688294726341|
|ERROR|2023-07-02 18:45:26.685|http-nio-3170-exec-4||uid=|signValue: IMRq2Io20OD2gWw3ufBj6AoEp7JrzX80VfKqow9QHf3/J0T/yh4iaF8CDYOaipsEHrtM/0IF942xSyW0kBHKYg==|
|ERROR|2023-07-02 18:45:26.685|http-nio-3170-exec-6||uid=|signValue: Q9zcyzOCb/HT1nhE0T+Ph0GLaYBFYUIY+BwOMKRPVKAbfqN1hrEQGZB0EDH4pQbSyRpqfhUHp+PzIYvBzUyvOQ==|
|ERROR|2023-07-02 18:45:26.685|http-nio-3170-exec-5||uid=|params: categoryId=1&current=1&nonce=k51zb398&pageSize=10&tagId=1&timestamp=1688294726338|
|ERROR|2023-07-02 18:45:26.685|http-nio-3170-exec-5||uid=|signValue: CLKSyjWfdun4hzVUisrQGQp0ifb8cA5I4NYMnOJDsg89vO0lkwEZOeTAOO3tgejOV/6IkmQ14Gb5Ut6YngVdsA==|
|ERROR|2023-07-02 18:45:28.760|http-nio-3170-exec-7||uid=|params: articleId=asd&nonce=uveulg9k&timestamp=1688294728698|
|ERROR|2023-07-02 18:45:28.761|http-nio-3170-exec-7||uid=|params: articleId=asd&nonce=uveulg9k&timestamp=1688294728698|
|ERROR|2023-07-02 18:45:28.761|http-nio-3170-exec-7||uid=|signValue: ZajXlIYvHVhxBfQabMuJZYBGn9wvSeuRJGd8D7v2iEzmhuEqDhuFtnZAwDPJxytWIJfiAQJdXZvmMUeF7HH+Lw==|
|ERROR|2023-07-02 18:45:28.809|http-nio-3170-exec-8||uid=|params: articleId=asd&nonce=8dyzuwpe&timestamp=1688294728800|
|ERROR|2023-07-02 18:45:28.809|http-nio-3170-exec-8||uid=|params: articleId=asd&nonce=8dyzuwpe&timestamp=1688294728800|
|ERROR|2023-07-02 18:45:28.809|http-nio-3170-exec-8||uid=|signValue: ZwvVw2JNGHb9K3umrhfbqloIH56hFtzTr2qZl7xZNpQ4PSHz77xpoPsOWSdP4CUaYf0SHylDSSefdAAVPR6U3Q==|
|ERROR|2023-07-02 18:45:34.274|http-nio-3170-exec-9||uid=|params: articleId=asd&nonce=bzw1jixz&timestamp=1688294734264|
|ERROR|2023-07-02 18:45:34.274|http-nio-3170-exec-9||uid=|params: articleId=asd&nonce=bzw1jixz&timestamp=1688294734264|
|ERROR|2023-07-02 18:45:34.274|http-nio-3170-exec-9||uid=|signValue: Rme6XYE+vWSxuFHPZKWwjwxTM4gPZxtuoj9V/EzJdXfG5vvXLEC6c1whkxrS/j1mzgsoHbs3NJ2iNgrDIauiiA==|
|ERROR|2023-07-02 18:47:52.594|http-nio-3170-exec-4||uid=|params: nonce=qcux0pqo&timestamp=1688294872238|
|ERROR|2023-07-02 18:47:52.594|http-nio-3170-exec-5||uid=|params: categoryId=1&current=1&nonce=v781ommj&pageSize=10&tagId=1&timestamp=1688294872239|
|ERROR|2023-07-02 18:47:52.595|http-nio-3170-exec-4||uid=|params: nonce=qcux0pqo&timestamp=1688294872238|
|ERROR|2023-07-02 18:47:52.595|http-nio-3170-exec-5||uid=|params: categoryId=1&current=1&nonce=v781ommj&pageSize=10&tagId=1&timestamp=1688294872239|
|ERROR|2023-07-02 18:47:52.595|http-nio-3170-exec-3||uid=|params: current=1&nonce=2iefmuvb&pageSize=6&sort=1&timestamp=1688294872241|
|ERROR|2023-07-02 18:47:52.595|http-nio-3170-exec-4||uid=|signValue: c+m3awmt1RWTCh3YWegTQ+bPI0JFgBXJ1lHr8bDRjS3MxwbYKe5ZVs574nUtEOeYNbzSss5Yw06JpWhgI/kcYw==|
|ERROR|2023-07-02 18:47:52.595|http-nio-3170-exec-3||uid=|params: current=1&nonce=2iefmuvb&pageSize=6&sort=1&timestamp=1688294872241|
|ERROR|2023-07-02 18:47:52.595|http-nio-3170-exec-5||uid=|signValue: bvf/8EwPmft+MaH2T8jsoQfFuD2k+YCLuwiUfk5bfPJyXVulcVSSn4g69k6RH+3gUL1n0edFBqEY+ek4Oi0/gQ==|
|ERROR|2023-07-02 18:47:52.595|http-nio-3170-exec-3||uid=|signValue: ZuIrSBN4KrHZ8FRPZeHOjDsO3NzFeL1a7OTbAPYdDDLsipQWIvkfIT+3GkhDw0DhYuX4UFhaDkgU5ce4iOc2Zg==|
|ERROR|2023-07-02 18:55:03.372|http-nio-3170-exec-7||uid=|params: categoryId=1&current=1&nonce=qkuykxwn&pageSize=10&tagId=1&timestamp=1688295303329|
|ERROR|2023-07-02 18:55:03.372|http-nio-3170-exec-8||uid=|params: current=1&nonce=hf5l3ydp&pageSize=6&sort=1&timestamp=1688295303335|
|ERROR|2023-07-02 18:55:03.372|http-nio-3170-exec-7||uid=|params: categoryId=1&current=1&nonce=qkuykxwn&pageSize=10&tagId=1&timestamp=1688295303329|
|ERROR|2023-07-02 18:55:03.372|http-nio-3170-exec-8||uid=|params: current=1&nonce=hf5l3ydp&pageSize=6&sort=1&timestamp=1688295303335|
|ERROR|2023-07-02 18:55:03.372|http-nio-3170-exec-7||uid=|signValue: Si6fXcdVNbrGp1pbNVlLAuwHNq13Kd8ji2VqSezy0V3hy3BFGSXQwH9hAmSWDAIQf/CM2Tf4Fum1UYSDg1wgpg==|
|ERROR|2023-07-02 18:55:03.372|http-nio-3170-exec-8||uid=|signValue: XGibkq0LqN6Iw9B31v6RfqKh3H4dx6NP9A2iVtBV3s+gHlrPL6c3cW0xuwSHKv1Uj9O2OdUFTrGz9K5/EfThqA==|
|ERROR|2023-07-02 18:55:05.872|http-nio-3170-exec-9||uid=|params: categoryId=1&current=2&nonce=pf7cbfx0&pageSize=10&tagId=1&timestamp=1688295305859|
|ERROR|2023-07-02 18:55:05.873|http-nio-3170-exec-9||uid=|params: categoryId=1&current=2&nonce=pf7cbfx0&pageSize=10&tagId=1&timestamp=1688295305859|
|ERROR|2023-07-02 18:55:05.873|http-nio-3170-exec-9||uid=|signValue: Ea0NiTpogzgliAULBPqLM+uMYPui+em+R51oYJ5e5mezQawq5I3u00FufexvgTscCXImvDQoEoZkgLOkWguPOw==|
|ERROR|2023-07-02 19:12:22.401|http-nio-3170-exec-4||uid=|params: current=1&nonce=9iimr8b0&pageSize=6&sort=1&timestamp=1688296342344|
|ERROR|2023-07-02 19:12:22.402|http-nio-3170-exec-6||uid=|params: categoryId=1&current=1&nonce=wz6k7tt8&pageSize=10&tagId=1&timestamp=1688296342343|
|ERROR|2023-07-02 19:12:22.401|http-nio-3170-exec-1||uid=|params: nonce=uh3vl1i8&timestamp=1688296342341|
|ERROR|2023-07-02 19:12:22.405|http-nio-3170-exec-1||uid=|params: nonce=uh3vl1i8&timestamp=1688296342341|
|ERROR|2023-07-02 19:12:22.405|http-nio-3170-exec-6||uid=|params: categoryId=1&current=1&nonce=wz6k7tt8&pageSize=10&tagId=1&timestamp=1688296342343|
|ERROR|2023-07-02 19:12:22.406|http-nio-3170-exec-1||uid=|signValue: OV2JToE8/b8mfLU65ut3XXH/zI1mRhZQzezV1GXeMIEnmC7EHAMq2Cbjr22nnevtZlz1VI8Ls6lt7gNN6wMOig==|
|ERROR|2023-07-02 19:12:22.406|http-nio-3170-exec-6||uid=|signValue: FHlOu6OnNAc8ugEEOhh68njexc7t4CayFiVu8bH9zOS015eeKL2p+qJIri9auSsMlPYNQ5Du6fF+46ZtJTrZ4Q==|
|ERROR|2023-07-02 19:12:22.408|http-nio-3170-exec-4||uid=|params: current=1&nonce=9iimr8b0&pageSize=6&sort=1&timestamp=1688296342344|
|ERROR|2023-07-02 19:12:22.408|http-nio-3170-exec-4||uid=|signValue: BZYyv4LKdNgGALbtEjD1NLzvy+53MBo5OufQw48yBJUQNI48VZJcUfE9P0u1e084iurqBSNVcww35/EmCoqUFw==|
|ERROR|2023-07-02 19:14:50.154|http-nio-3170-exec-3||uid=|params: categoryId=1&current=2&nonce=kl69hbmi&pageSize=10&tagId=1&timestamp=1688296490136|
|ERROR|2023-07-02 19:14:50.154|http-nio-3170-exec-3||uid=|params: categoryId=1&current=2&nonce=kl69hbmi&pageSize=10&tagId=1&timestamp=1688296490136|
|ERROR|2023-07-02 19:14:50.154|http-nio-3170-exec-3||uid=|signValue: eSxA1vm3IcR1e210/PX6WJd08UcHO2kJS5DOkdSu4trwvwh1FHJMPKFMLH0GFH55hXM7JoyRIE6JMVkZvwngAQ==|
|ERROR|2023-07-02 19:15:12.148|http-nio-3170-exec-5||uid=|params: articleId=d&nonce=w0uvqvuq&timestamp=1688296512079|
|ERROR|2023-07-02 19:15:12.148|http-nio-3170-exec-5||uid=|params: articleId=d&nonce=w0uvqvuq&timestamp=1688296512079|
|ERROR|2023-07-02 19:15:12.148|http-nio-3170-exec-5||uid=|signValue: GGhRczjQwBW+20vIYequbIiVfK97wV1zpajdslBSPdEXb6AZc66M1y33XT3W2vV+Xpkf/G9AtGW2aDoE4rASog==|
|ERROR|2023-07-02 19:15:12.308|http-nio-3170-exec-8||uid=|params: articleId=d&nonce=d4y2ru47&timestamp=1688296512294|
|ERROR|2023-07-02 19:15:12.308|http-nio-3170-exec-8||uid=|params: articleId=d&nonce=d4y2ru47&timestamp=1688296512294|
|ERROR|2023-07-02 19:15:12.308|http-nio-3170-exec-8||uid=|signValue: CdmHr/mcSFuoq5NmlRiispqOx8+64ATHeZ3mmqecyBj3ONmQWiQN2N49S9NRuXmjaOYmX+erK2RDQHudEKdKKw==|
|ERROR|2023-07-02 19:15:13.562|http-nio-3170-exec-9||uid=|params: current=1&nonce=etbk85x1&pageSize=6&sort=1&timestamp=1688296513536|
|ERROR|2023-07-02 19:15:13.563|http-nio-3170-exec-9||uid=|params: current=1&nonce=etbk85x1&pageSize=6&sort=1&timestamp=1688296513536|
|ERROR|2023-07-02 19:15:13.563|http-nio-3170-exec-7||uid=|params: categoryId=1&current=1&nonce=wdr0p8uy&pageSize=10&tagId=1&timestamp=1688296513534|
|ERROR|2023-07-02 19:15:13.563|http-nio-3170-exec-9||uid=|signValue: S8JvgdiR+Sux+9DUvEtL0hsWTpl9hNQqjeG+cwCg8bLoNYiib6uhpLe6wvwKy714As+6TPbUznOy2iJNgTDksA==|
|ERROR|2023-07-02 19:15:13.563|http-nio-3170-exec-7||uid=|params: categoryId=1&current=1&nonce=wdr0p8uy&pageSize=10&tagId=1&timestamp=1688296513534|
|ERROR|2023-07-02 19:15:13.563|http-nio-3170-exec-7||uid=|signValue: cr5jN0PLj5ngJkve0qqP+2U90A9uVlOwG16j7OiSOAnyUZY4GBT2t4NZpBbc90lh+mOPKgFUl7Kbe3TYsCwo3w==|
|ERROR|2023-07-02 19:23:28.002|http-nio-3170-exec-10||uid=|params: current=1&nonce=s0wetoo3&pageSize=6&sort=1&timestamp=1688297007985|
|ERROR|2023-07-02 19:23:28.003|http-nio-3170-exec-10||uid=|params: current=1&nonce=s0wetoo3&pageSize=6&sort=1&timestamp=1688297007985|
|ERROR|2023-07-02 19:23:28.003|http-nio-3170-exec-10||uid=|signValue: LFPMYKGhi9fuqpSvP8i0qtZQhHkUImkz7rp5r3CBDEyVQx4ZptGedZ5uIGKI2+wvyr61/PyFbn6HlqEXRHW/Hw==|
|ERROR|2023-07-02 19:23:31.205|http-nio-3170-exec-4||uid=|params: nonce=wd9jktr1&timestamp=1688297011158|
|ERROR|2023-07-02 19:23:31.206|http-nio-3170-exec-4||uid=|params: nonce=wd9jktr1&timestamp=1688297011158|
|ERROR|2023-07-02 19:23:31.206|http-nio-3170-exec-4||uid=|signValue: VLOFiqM56ZQp3MRU4+vKzRw7t5h0vsPzjbY6s0AwdosgJiq7J1A4WtMTxiNuIAdhSXWiM4NIUB/csLhPiDc+fw==|
|ERROR|2023-07-02 19:23:31.246|http-nio-3170-exec-3||uid=|params: current=1&nonce=i8735cpt&pageSize=6&sort=1&timestamp=1688297011161|
|ERROR|2023-07-02 19:23:31.246|http-nio-3170-exec-6||uid=|params: categoryId=1&current=1&nonce=p2qt9s47&pageSize=10&tagId=1&timestamp=1688297011160|
|ERROR|2023-07-02 19:23:31.246|http-nio-3170-exec-3||uid=|params: current=1&nonce=i8735cpt&pageSize=6&sort=1&timestamp=1688297011161|
|ERROR|2023-07-02 19:23:31.246|http-nio-3170-exec-6||uid=|params: categoryId=1&current=1&nonce=p2qt9s47&pageSize=10&tagId=1&timestamp=1688297011160|
|ERROR|2023-07-02 19:23:31.246|http-nio-3170-exec-3||uid=|signValue: FsC9qxZvnqGT1dc4u8yZ6H2cPVes+kD8sZ5+hznuE0FMUN9Y4aAvepH8O4iWyYGSrjqyUrcPAvBERKqUBHzP8g==|
|ERROR|2023-07-02 19:23:31.246|http-nio-3170-exec-6||uid=|signValue: RtGLPAQBqciuSWLTWR949xsFMXxwZoKbkxOzHdYrp4MoSl85tXnj6U/bo3On0kCLLcZbMq8DvhvNWmrWiDOKKw==|
|ERROR|2023-07-02 19:25:06.990|http-nio-3170-exec-2||uid=|params: categoryId=1&current=1&nonce=goplc7sy&pageSize=10&tagId=1&timestamp=1688297106970|
|ERROR|2023-07-02 19:25:06.990|http-nio-3170-exec-10||uid=|params: nonce=h6uvx5zk&timestamp=1688297106969|
|ERROR|2023-07-02 19:25:06.990|http-nio-3170-exec-1||uid=|params: current=1&nonce=2emx9g84&pageSize=6&sort=1&timestamp=1688297106972|
|ERROR|2023-07-02 19:25:06.990|http-nio-3170-exec-10||uid=|params: nonce=h6uvx5zk&timestamp=1688297106969|
|ERROR|2023-07-02 19:25:06.990|http-nio-3170-exec-10||uid=|signValue: IT07xi+STI+KTZhHms0M8zm48V6K5ieyVhETpFB83+K5X5rknHIu0dsr8OLNYwQDmbtFStNO3UVFXuZHsjBpeA==|
|ERROR|2023-07-02 19:25:06.990|http-nio-3170-exec-1||uid=|params: current=1&nonce=2emx9g84&pageSize=6&sort=1&timestamp=1688297106972|
|ERROR|2023-07-02 19:25:06.990|http-nio-3170-exec-2||uid=|params: categoryId=1&current=1&nonce=goplc7sy&pageSize=10&tagId=1&timestamp=1688297106970|
|ERROR|2023-07-02 19:25:06.990|http-nio-3170-exec-1||uid=|signValue: Dko5miqGBAXJ8N/y8LPXY/v0RlrkWq9LIN3EBt3nM9DLrTUn2WQG9FaPCMMflxh/oqcp1d0klAcjjnEdHX3g7w==|
|ERROR|2023-07-02 19:25:06.990|http-nio-3170-exec-2||uid=|signValue: KwJFlFL9UNyWJAvrpp1MiivEM3mRNLNykUS177HIEi/VnA/3GWwrps4vRzWagGkUQJClJKZj1q3o7gMEQwK3Zg==|
|ERROR|2023-07-02 19:25:10.899|http-nio-3170-exec-6||uid=|params: nonce=2gndftdk&timestamp=1688297110839|
|ERROR|2023-07-02 19:25:10.900|http-nio-3170-exec-6||uid=|params: nonce=2gndftdk&timestamp=1688297110839|
|ERROR|2023-07-02 19:25:10.900|http-nio-3170-exec-6||uid=|signValue: MPZSFGeWyzjVQXMbgmBbiGEsUSbxmvM9mFyeXvGRsu6nhMiYqSAkCzULZxXT9WR9nSVuFoJcy+Xg0sdeDgL7oA==|
|ERROR|2023-07-02 19:25:10.966|http-nio-3170-exec-8||uid=|params: current=1&nonce=58cn20jn&pageSize=6&sort=1&timestamp=1688297110842|
|ERROR|2023-07-02 19:25:10.966|http-nio-3170-exec-5||uid=|params: categoryId=1&current=1&nonce=iov6yhix&pageSize=10&tagId=1&timestamp=1688297110840|
|ERROR|2023-07-02 19:25:10.966|http-nio-3170-exec-8||uid=|params: current=1&nonce=58cn20jn&pageSize=6&sort=1&timestamp=1688297110842|
|ERROR|2023-07-02 19:25:10.966|http-nio-3170-exec-5||uid=|params: categoryId=1&current=1&nonce=iov6yhix&pageSize=10&tagId=1&timestamp=1688297110840|
|ERROR|2023-07-02 19:25:10.966|http-nio-3170-exec-8||uid=|signValue: A8VGU+rBvyBDX5oHibDW9UI8EObWJVXc3vLE8F3NNdj8p96LGZjYP8xFSJE+B3QTiBldkmR/TUe1+Ds2iTbUPw==|
|ERROR|2023-07-02 19:25:10.967|http-nio-3170-exec-5||uid=|signValue: UZ/KZ9b0roE5wmL8qvPv0AeuLw4fPhAMt+tfR0iaOXFZcEkfA492+v2qq3WmHchrjxGsXL1fbX36BnG0MUJbHA==|
|ERROR|2023-07-02 19:51:07.800|http-nio-3170-exec-10||uid=|params: nonce=qdiyqmrh&timestamp=1688298667771|
|ERROR|2023-07-02 19:51:07.801|http-nio-3170-exec-10||uid=|params: nonce=qdiyqmrh&timestamp=1688298667771|
|ERROR|2023-07-02 19:51:07.801|http-nio-3170-exec-10||uid=|signValue: fuRqZcKNOozB84P3PHbO6aDP6odQ7QaYYFlHE2OSspmtNJhc/Ls4z1FOxzSeKL4ob85JfFsB1ObPBrXVXVMkRA==|
|ERROR|2023-07-02 19:51:07.802|http-nio-3170-exec-1||uid=|params: categoryId=1&current=1&nonce=wfw7wjb9&pageSize=10&tagId=1&timestamp=1688298667773|
|ERROR|2023-07-02 19:51:07.802|http-nio-3170-exec-1||uid=|params: categoryId=1&current=1&nonce=wfw7wjb9&pageSize=10&tagId=1&timestamp=1688298667773|
|ERROR|2023-07-02 19:51:07.802|http-nio-3170-exec-1||uid=|signValue: QfIEIuo09i8+gcW49TBzlY1Vd5udo0sSQb1NXWJ0iT4roU/sbqvGiphQKPl+N1gSuJWMTvdh9ICqLLy+n1bcsA==|
|ERROR|2023-07-02 19:51:07.806|http-nio-3170-exec-2||uid=|params: current=1&nonce=0gwa6760&pageSize=6&sort=1&timestamp=1688298667775|
|ERROR|2023-07-02 19:51:07.806|http-nio-3170-exec-2||uid=|params: current=1&nonce=0gwa6760&pageSize=6&sort=1&timestamp=1688298667775|
|ERROR|2023-07-02 19:51:07.806|http-nio-3170-exec-2||uid=|signValue: HTiJyu9w0PV2NifNVFt2ffF0Y54nP1082R4Luxx4Z14l0iPupL9MAu+IvU3QbiTlI0IMaZXTW/1HOXEuOKdLSg==|
|ERROR|2023-07-02 19:56:04.456|http-nio-3170-exec-4||uid=|params: current=1&nonce=he95z3zd&pageSize=6&sort=1&timestamp=1688298964439|
|ERROR|2023-07-02 19:56:04.456|http-nio-3170-exec-4||uid=|params: current=1&nonce=he95z3zd&pageSize=6&sort=1&timestamp=1688298964439|
|ERROR|2023-07-02 19:56:04.456|http-nio-3170-exec-4||uid=|signValue: USGN9wn9BETvNQmgxFSbr+VZvxk8CeAbrBl44xkekxP8MAc9BOPkyv6ZqQapkBtdSU8TdajpBToV3NTUGBh8+w==|
|ERROR|2023-07-02 20:02:56.991|http-nio-3170-exec-3||uid=|params: categoryId=1&current=1&nonce=ynfz9fhb&pageSize=10&tagId=1&timestamp=1688299376948|
|ERROR|2023-07-02 20:02:56.991|http-nio-3170-exec-6||uid=|params: current=1&nonce=44s7y6f4&pageSize=6&sort=1&timestamp=1688299376956|
|ERROR|2023-07-02 20:02:56.992|http-nio-3170-exec-3||uid=|params: categoryId=1&current=1&nonce=ynfz9fhb&pageSize=10&tagId=1&timestamp=1688299376948|
|ERROR|2023-07-02 20:02:56.992|http-nio-3170-exec-6||uid=|params: current=1&nonce=44s7y6f4&pageSize=6&sort=1&timestamp=1688299376956|
|ERROR|2023-07-02 20:02:56.992|http-nio-3170-exec-3||uid=|signValue: UNTsO85FPSeL2TPjuZ0C03IjN0qipM7zK7U5KOtb7XfiG5Baza2ywCM692s+4f15la//69GnDol0tKeXlaBNXg==|
|ERROR|2023-07-02 20:02:56.992|http-nio-3170-exec-6||uid=|signValue: XOOthlrMd2yT7v11Ws/XYEnsRioAmFN9h543wCuOWwN+bqYjxVhAK8lHjOPz/a8JyJPmxYUJ9iFmDVFZtBESbw==|
|ERROR|2023-07-02 20:03:37.886|http-nio-3170-exec-8||uid=|params: categoryId=1&current=1&nonce=c95p96pi&pageSize=10&tagId=1&timestamp=1688299417859|
|ERROR|2023-07-02 20:03:37.886|http-nio-3170-exec-8||uid=|params: categoryId=1&current=1&nonce=c95p96pi&pageSize=10&tagId=1&timestamp=1688299417859|
|ERROR|2023-07-02 20:03:37.886|http-nio-3170-exec-8||uid=|signValue: BZgFqRJmL/gDPY0kRq+2qDaSpT7kO3b00UG1yGfFlcidBbTY6RtLLAyzummIgBknkcXzE8wPt8MME9REs6zStQ==|
|ERROR|2023-07-02 20:03:37.887|http-nio-3170-exec-5||uid=|params: current=1&nonce=xss0l1bh&pageSize=6&sort=1&timestamp=1688299417860|
|ERROR|2023-07-02 20:03:37.887|http-nio-3170-exec-5||uid=|params: current=1&nonce=xss0l1bh&pageSize=6&sort=1&timestamp=1688299417860|
|ERROR|2023-07-02 20:03:37.888|http-nio-3170-exec-5||uid=|signValue: bZxQ8SyCdU/kMpgNEmqJuAHrGkRz5ccZBo21q/fG/v/8QyyeVrDXg33vYeHDtUwTooqM2Ox6xuH6W8iAID2DbQ==|
