|ERROR|2023-07-06 00:05:56.187|http-nio-3170-exec-7||uid=|sortedParams: current=1&nonce=g1do9lck&pageSize=6&sort=1&timestamp=1688573156159|
|ERROR|2023-07-06 00:05:56.190|http-nio-3170-exec-10||uid=|sortedParams: categoryId=1&current=1&nonce=33f7r4co&pageSize=10&tagId=1&timestamp=1688573156154|
|ERROR|2023-07-06 00:05:56.315|http-nio-3170-exec-7||uid=|signValue: ejVA5dww4xZ2+ceVnmM+9ugQE6eppDQimuhzOPZXjg8S9qDSh6SW2WUz3ePPcKl0pVJaigeCwbwXLq4jhZbG/g==|
|ERROR|2023-07-06 00:05:56.315|http-nio-3170-exec-10||uid=|signValue: c92jUUHY6uWWZMHoyDW090o2SFLl7Su90hEZCyJdmi++G55hIFgi09QE7TybF7vfMtP4f5zL6T6MUDUecW7gsQ==|
|ERROR|2023-07-06 00:07:48.163|http-nio-3170-exec-3||uid=|sortedParams: articleId=12345645&nonce=zma0r4sn&timestamp=1688573268143|
|ERROR|2023-07-06 00:07:48.164|http-nio-3170-exec-3||uid=|signValue: Yve+mZ0XQWJhrzI+GYTda6Er9SAuxuFiFZNL6dOCgVKekVob49tmVELxXKyKFLOoZfxjpgltq94szsCM1AE55A==|
|ERROR|2023-07-06 00:07:48.167|http-nio-3170-exec-2||uid=|sortedParams: articleId=12345645&nonce=6ch671sb&timestamp=1688573268144|
|ERROR|2023-07-06 00:07:48.167|http-nio-3170-exec-2||uid=|signValue: duRvG06Ib0kNh/Hxg8nIwocYJfZxCrrW8zmxBlhDTtvHL/0NEYLLcr9GziVFb7u4qw9ze2Xx818RwRwKAhQ6PA==|
|ERROR|2023-07-06 00:07:48.839|http-nio-3170-exec-9||uid=|sortedParams: articleId=12345645&current=1&nonce=dg8fsrih&pageSize=10&timestamp=1688573268829|
|ERROR|2023-07-06 00:07:48.839|http-nio-3170-exec-9||uid=|signValue: LVOGl+SUsiyKMndsuHqq6fFfVONC70OidhRlPpEaRACZ2h1Y3QlXcLoUuryM5YYbWPpAYDQkQQIbw8o5EEtAlg==|
|ERROR|2023-07-06 00:18:20.160|http-nio-3170-exec-8||uid=|sortedParams: current=1&nonce=6vhqaebe&pageSize=6&sort=1&timestamp=1688573900115|
|ERROR|2023-07-06 00:18:20.160|http-nio-3170-exec-8||uid=|signValue: U8Q7TGJMrBsQemcXctcVngq50tHOQT1jJLQzMXDriDJ0L/8fA2nPlZS+PdQoasQmmMZNyLnrP9l+2wXX0+skHQ==|
|ERROR|2023-07-06 00:18:20.161|http-nio-3170-exec-5||uid=|sortedParams: categoryId=1&current=1&nonce=37tnw5u8&pageSize=10&tagId=1&timestamp=1688573900113|
|ERROR|2023-07-06 00:18:20.162|http-nio-3170-exec-5||uid=|signValue: AW5KYjAOz7VX6C8+TqqgT7T3zpbHnDvpuRQ50wAMheFqR2dPVUJyr0m1LkBNYjhuCnMNau7rlxSRSw3XjB99Eg==|
|ERROR|2023-07-06 00:19:25.259|http-nio-3170-exec-1||uid=|sortedParams: current=1&nonce=a6jhewzy&pageSize=6&sort=1&timestamp=1688573965235|
|ERROR|2023-07-06 00:19:25.259|http-nio-3170-exec-6||uid=|sortedParams: categoryId=1&current=1&nonce=5jt6xzje&pageSize=10&tagId=1&timestamp=1688573965231|
|ERROR|2023-07-06 00:19:25.259|http-nio-3170-exec-1||uid=|signValue: EGxTFOnEgHqoRJkHjWGJ9+HCJz/K0r/cKeS1Li7VAK8Kp8/6bvivehLkSQ2++9WD4G+a6KbQIsrDAPNFyzd4Ig==|
|ERROR|2023-07-06 00:19:25.259|http-nio-3170-exec-6||uid=|signValue: XFC7Fyk4UtFCa63CWZNF+fSOQOgTPJi6x7CFYlpMw1UMsSxxnHepCro/k9m29g+M//UBlb/iMny1zAYGjG7Dyg==|
|ERROR|2023-07-06 00:40:21.505|http-nio-3170-exec-4||uid=|sortedParams: categoryId=1&current=2&nonce=6z3ufhsf&pageSize=10&tagId=1&timestamp=1688575221494|
|ERROR|2023-07-06 00:40:21.506|http-nio-3170-exec-4||uid=|signValue: bW0dkO6yEPQK2y7oGHis4Sz6r2SzF1GeggtlMPXq0sL01+sQbH4EdcED51bYwgltGkqnn0MqeCi50VdtbKGwTQ==|
|ERROR|2023-07-06 07:26:03.362|http-nio-3170-exec-2||uid=|sortedParams: categoryId=1&current=1&nonce=xuq86o32&pageSize=10&tagId=1&timestamp=1688599563154|
|ERROR|2023-07-06 07:26:03.363|http-nio-3170-exec-2||uid=|signValue: CXFJHlNrXXfoUWKhEybdJSRknYgXfKA40lFcxUh50NWHiZb3p5DKdoz3X1bE+NtGiiYbwm4R86NsNmHyveZ6bw==|
|ERROR|2023-07-06 07:26:03.363|http-nio-3170-exec-7||uid=|sortedParams: nonce=aj1nly2u&timestamp=1688599563142|
|ERROR|2023-07-06 07:26:03.363|http-nio-3170-exec-7||uid=|signValue: BPi6emE6YU/LSqf3SfXzeJiYtyIQ85OEHFJDvoq7WCLEzHJORw5vFscB8f0mHU9Ghx1pKURtIm2iZ/CfeFzy|
|ERROR|2023-07-06 07:26:03.364|http-nio-3170-exec-3||uid=|sortedParams: nonce=at1g370k&timestamp=1688599563153|
|ERROR|2023-07-06 07:26:03.365|http-nio-3170-exec-3||uid=|signValue: Bb36tilXKjPBBkH5xGXfA0SSobAtNhX7vgG7oUUYETBE/Tr3tpBphpaQpIJ8stSFX16SMbAnqJds2b2tAcghng==|
|ERROR|2023-07-06 07:26:03.374|http-nio-3170-exec-9||uid=|sortedParams: current=1&nonce=g0sco0ul&pageSize=6&sort=1&timestamp=1688599563156|
|ERROR|2023-07-06 07:26:03.375|http-nio-3170-exec-9||uid=|signValue: CNgnoA7KUaxosIf8lymaODBXCANBJq4Sh5qVeELrFPnBsytB2XqKQzsmb/7aNdQ35dlALjOEbpW4w+ylFnPbwA==|
|ERROR|2023-07-06 07:26:05.220|http-nio-3170-exec-8||uid=|sortedParams: articleId=12345645&nonce=3ckr0g72&timestamp=1688599565089|
|ERROR|2023-07-06 07:26:05.221|http-nio-3170-exec-8||uid=|signValue: O4r7MW3cxq04DWRdwYHrIoV9nJL40T8mNQgn8+vOsE5cHTcGWHhuQ6TdJXTaKMlMTieT3xWDG44sIDklPZ5rVA==|
|ERROR|2023-07-06 07:26:05.223|http-nio-3170-exec-5||uid=|sortedParams: articleId=12345645&nonce=s4abkg1s&timestamp=1688599565091|
|ERROR|2023-07-06 07:26:05.223|http-nio-3170-exec-5||uid=|signValue: OvnjH9aJXrli7GOoqMDDB2eiQeFuJ6/Z5FmBLza2fUaWpmweFKiRPG82bza73PyAwJviOqwuNWHjmmzvKAIO8w==|
|ERROR|2023-07-06 07:26:06.006|http-nio-3170-exec-1||uid=|sortedParams: articleId=12345645&current=1&nonce=pxvk0biy&pageSize=10&timestamp=1688599565989|
|ERROR|2023-07-06 07:26:06.006|http-nio-3170-exec-1||uid=|signValue: F4rE7OznRXUFirVirhHmgT47epjlBcKhM2t/X1FtK6GscmX23P4xos7ZGLlkazrPZfYRAmU1oZIxzT/oRmvM1w==|
|ERROR|2023-07-06 07:39:34.116|http-nio-3170-exec-6||uid=|sortedParams: articleId=12345645&nonce=f6ijt2bq&timestamp=1688600374096|
|ERROR|2023-07-06 07:39:34.116|http-nio-3170-exec-7||uid=|sortedParams: articleId=12345645&nonce=3p1e7k4b&timestamp=1688600374100|
|ERROR|2023-07-06 07:39:34.116|http-nio-3170-exec-6||uid=|signValue: W0Sc1FUboD/KbPXvABFpYjeJ32Yq32tgwSIRIt1s8GGDU6FAL9+BK299UojXpLcOBakf3JFOjHTRwtGx9bWDqw==|
|ERROR|2023-07-06 07:39:34.117|http-nio-3170-exec-7||uid=|signValue: Uxe6Ivwc3CxfuS1xw3hSuZcBxbM9rzYaNL76RXc2yvSJNhwiLgdsdD+lzofUlcDnLn5vV2iaqHOdtbz0sRPzvg==|
|ERROR|2023-07-06 07:39:34.120|http-nio-3170-exec-4||uid=|sortedParams: nonce=ruqp2yr3&timestamp=1688600374089|
|ERROR|2023-07-06 07:39:34.120|http-nio-3170-exec-4||uid=|signValue: fvJWecElmq5srKQm+Ts1K0aBCKH1fKTEb+tT39dY16h+d+wjP31VryhuLFz7wqjg/vrjMSH+xY3j4jS5bh6xxQ==|
|ERROR|2023-07-06 07:39:36.159|http-nio-3170-exec-9||uid=|sortedParams: articleId=12345645&current=1&nonce=vvr34uyz&pageSize=10&timestamp=1688600376148|
|ERROR|2023-07-06 07:39:36.159|http-nio-3170-exec-9||uid=|signValue: JML7cZvo/5niRqeCzMAWAhMoabLBjVxyZXGNIOpaWYRQEvG8zJRGGHPFeX851GSNr3TMT7wMSQF77NxslSzvVA==|
|ERROR|2023-07-06 07:39:45.748|http-nio-3170-exec-10||uid=|sortedParams: commentId=52&nonce=3joznbiw&timestamp=1688600385735|
|ERROR|2023-07-06 07:39:45.748|http-nio-3170-exec-10||uid=|signValue: N4fISzwpzLb8iseA9rPb+Efy/BjdmXzDLc/FUk6Yfn57zP9wCHHHYPBA2Vm4H7XOLQUYJsHiMBzdezrYayQR/Q==|
|ERROR|2023-07-06 07:39:49.706|http-nio-3170-exec-2||uid=|sortedParams: nonce=jy68oy0c&timestamp=1688600389684|
|ERROR|2023-07-06 07:39:49.707|http-nio-3170-exec-2||uid=|signValue: QQavp/8OJCLf+Ix9PuYj0ER+bUDTEm7wtuzI/m7dHnxDCgudBGUcm1qWbsBkAzfb5zasawTuIGjMIS5z0hu2Dg==|
|ERROR|2023-07-06 07:39:49.707|http-nio-3170-exec-8||uid=|sortedParams: articleId=12345645&nonce=sasr9shq&timestamp=1688600389694|
|ERROR|2023-07-06 07:39:49.708|http-nio-3170-exec-8||uid=|signValue: RcM1zFGWpembdwvL86z55I6ZdfqTWneflRUJxj6BKXNJBC18vHqZ0Fh7r6h34471YNOVZmrd9HrSXUtfEiBQTw==|
|ERROR|2023-07-06 07:39:49.708|http-nio-3170-exec-3||uid=|sortedParams: articleId=12345645&nonce=33w7q6eb&timestamp=1688600389690|
|ERROR|2023-07-06 07:39:49.708|http-nio-3170-exec-3||uid=|signValue: Qm02OTKp+IULtfg6xE40QGZLCh4WiO0Q7FV1XuZ34U+vm+TzW/T3ZZNoJXub9Zxgut08GGX+PztAkHCQUJPa4A==|
|ERROR|2023-07-06 07:39:50.139|http-nio-3170-exec-5||uid=|sortedParams: articleId=12345645&current=1&nonce=9joxvu43&pageSize=10&timestamp=1688600390130|
|ERROR|2023-07-06 07:39:50.139|http-nio-3170-exec-5||uid=|signValue: dKYUPaAJJKaUVY7vRwaCTv7rjzMAXW8FcbP2qq5oQMVgHVkPmC7LXb+fWImOdgjx3jdkBrtD2zY+s44hmQuO1w==|
|ERROR|2023-07-06 07:54:36.371|http-nio-3170-exec-1||uid=|sortedParams: nonce=xq1acv7o&timestamp=1688601276340|
|ERROR|2023-07-06 07:54:36.371|http-nio-3170-exec-1||uid=|signValue: F0miUfhUeTQQYlnf4gHfYlYcTjYkiFklo/ndPeXqbPHcxWb/r4wzTywwmQHTwUHalpdBjJcgOsV/AyjknDZufg==|
|ERROR|2023-07-06 07:54:36.371|http-nio-3170-exec-6||uid=|sortedParams: articleId=12345645&nonce=971vgtrq&timestamp=1688601276346|
|ERROR|2023-07-06 07:54:36.372|http-nio-3170-exec-6||uid=|signValue: UFtd5SeY0VjplvkxSrtXYSbpD/Y0lsxE8Q0nT1awK/7lvDD7XX8NNpGJQ1Qqor+Me2S6pHUmc4Otfag6PL5mVg==|
|ERROR|2023-07-06 07:54:36.373|http-nio-3170-exec-4||uid=|sortedParams: articleId=12345645&nonce=tc867r9u&timestamp=1688601276352|
|ERROR|2023-07-06 07:54:36.373|http-nio-3170-exec-4||uid=|signValue: Okxh0ZbrUsAKi2+vsoLZD8LN7uqzK2lUYwc/59iz2CDWQSrKLAZRIeY8sY8yZ24dChXjqDFMZj4q62iwUeE5BQ==|
|ERROR|2023-07-06 07:54:37.655|http-nio-3170-exec-7||uid=|sortedParams: articleId=12345645&current=1&nonce=zx92g290&pageSize=10&timestamp=1688601277646|
|ERROR|2023-07-06 07:54:37.655|http-nio-3170-exec-7||uid=|signValue: D61GdVkamtrddA5BGid26v00Xker/hpNg+gBJ0H+zZqwL2AMgw7EkUvoCwQcOyOcH21T6qlhvfWCzAjV/eYA0A==|
|ERROR|2023-07-06 08:02:59.201|http-nio-3170-exec-2||uid=|sortedParams: nonce=uv867nj7&timestamp=1688601778833|
|ERROR|2023-07-06 08:02:59.201|http-nio-3170-exec-2||uid=|signValue: fk7ATWUuaV7qyFsZJ/E5ZpFj0Ef0VF7IOf2zvIkxRkkm1/XbalzCZbBpx4mRk1i39bd69FBdtFfMzncAi6ZBpQ==|
|ERROR|2023-07-06 08:02:59.212|http-nio-3170-exec-1||uid=|sortedParams: articleId=12345645&nonce=duzo8ct0&timestamp=1688601778839|
|ERROR|2023-07-06 08:02:59.212|http-nio-3170-exec-1||uid=|signValue: VyXeoECTK30xB0xTNT/yPsJfMYDX2VwDoOL8pfVk50IxKjZpoewuEDzHoJcAiswnm6XmjOSJbnoRmozUHWufiQ==|
|ERROR|2023-07-06 08:02:59.213|http-nio-3170-exec-4||uid=|sortedParams: articleId=12345645&nonce=qnwi4cls&timestamp=1688601778844|
|ERROR|2023-07-06 08:02:59.213|http-nio-3170-exec-4||uid=|signValue: HX9wiCWUPdXLZ52MTvlt/WetHCPfqBVzQD4Fg5YcoQNUYFnVP2ajqxdnyTEuozFAypYRLTJs2upwVAPrEteEYg==|
|ERROR|2023-07-06 08:03:00.699|http-nio-3170-exec-3||uid=|sortedParams: articleId=12345645&current=1&nonce=sa2m9f6b&pageSize=10&timestamp=1688601780680|
|ERROR|2023-07-06 08:03:00.699|http-nio-3170-exec-3||uid=|signValue: KmwVz5Zfa5t8AxM/jam+8OY9JGvu7TveBqcqRy9E+aD9XashSI6sNkWqizhN4X+KDisT8sRT74nqYqHAjOcPPA==|
|ERROR|2023-07-06 08:20:16.465|http-nio-3170-exec-1||uid=|sortedParams: nonce=3wum61cc&timestamp=1688602815982|
|ERROR|2023-07-06 08:20:16.465|http-nio-3170-exec-1||uid=|signValue: Wg/zCQyURc11ltRNnioFQJ2qZ8kuSWf6lwyTuSQqx1c2JMq9ldvAM5KIDSjJtyKeDOlw66hKZZGOojaXZ0sw6w==|
|ERROR|2023-07-06 08:20:16.472|http-nio-3170-exec-4||uid=|sortedParams: articleId=12345645&nonce=o9erz6sj&timestamp=1688602815994|
|ERROR|2023-07-06 08:20:16.472|http-nio-3170-exec-3||uid=|sortedParams: articleId=12345645&nonce=gyy7lt90&timestamp=1688602815999|
|ERROR|2023-07-06 08:20:16.473|http-nio-3170-exec-4||uid=|signValue: CTsGHSJBo5UFcvA239W4AlgEgOJAcAo1K4FO2LALLGU4f0aLCko3q+VHGo7EmdA6RnHK0kVjntPJhXyJgj1YTA==|
|ERROR|2023-07-06 08:20:16.474|http-nio-3170-exec-3||uid=|signValue: Ah1azcRBF8IunbD30z/q9XO2Lc4W6OeuOA+gD7WuC1Q0RMcuhpx46d55xWevKbCdubxJdBDwzVpLT32VppsFYA==|
|ERROR|2023-07-06 08:20:18.992|http-nio-3170-exec-2||uid=|sortedParams: articleId=12345645&current=1&nonce=82b5to3b&pageSize=10&timestamp=1688602818973|
|ERROR|2023-07-06 08:20:18.992|http-nio-3170-exec-2||uid=|signValue: DJqdqoaFBn6yR1agL/+/phkVy+cSWPb961pkDA3wIbyndpvBEf1wc6s/XcA5lYFen8V+m1/Q7k6XH+2OLkopsw==|
|ERROR|2023-07-06 08:20:26.278|http-nio-3170-exec-5||uid=|sortedParams: nonce=xzji2fc7&timestamp=1688602826161|
|ERROR|2023-07-06 08:20:26.278|http-nio-3170-exec-6||uid=|sortedParams: articleId=12345645&nonce=6f53l44p&timestamp=1688602826174|
|ERROR|2023-07-06 08:20:26.279|http-nio-3170-exec-5||uid=|signValue: gi6i4ddPVy+IXHemSmCiRgDNU21UHHYlBLaQJeFleUNbrGKvWrRckvXa8g4sdkjd3FVZBdFsyxzazKMSO3YmUQ==|
|ERROR|2023-07-06 08:20:26.279|http-nio-3170-exec-6||uid=|signValue: VwJ3YcI/X9A/ihFPYtkjV/EKL2SXflfOoYXo6plilpDhj4Qwh/1xWCoFKx4ceS8mB/XBzPwoVgWq6uubR9fodg==|
|ERROR|2023-07-06 08:20:26.280|http-nio-3170-exec-7||uid=|sortedParams: articleId=12345645&nonce=dczcd7pr&timestamp=1688602826180|
|ERROR|2023-07-06 08:20:26.280|http-nio-3170-exec-7||uid=|signValue: bKCj/NABIia3Q2N+vzygShwuxYRWq8kPz1QTZsGldYZBn9ZVzH4eJnS+sn1ZuA1Nnh98oKachUtJFXE0tHU9ag==|
|ERROR|2023-07-06 08:20:27.415|http-nio-3170-exec-8||uid=|sortedParams: articleId=12345645&current=1&nonce=vd5wyrzj&pageSize=10&timestamp=1688602827406|
|ERROR|2023-07-06 08:20:27.415|http-nio-3170-exec-8||uid=|signValue: IaBwTRPSIq0J+gImWNGJychJPrh2K4Vp/5Rg/xxr8vp+dyv+X2D9voiE8vlAsHjgLDf6IMfVQwVRjdDmqICdqw==|
|ERROR|2023-07-06 08:21:14.090|http-nio-3170-exec-2||uid=|sortedParams: nonce=jgc7mpcg&timestamp=1688602873663|
|ERROR|2023-07-06 08:21:14.090|http-nio-3170-exec-2||uid=|signValue: RDTggZmzuPUvGZXhKLdC5oLwrzvK2aA+n7gNbIRMF5QiWdSIdbXg0FJz8dYYo8rlopHC/cYsk/rMa1vNL6mvBw==|
|ERROR|2023-07-06 08:21:14.099|http-nio-3170-exec-3||uid=|sortedParams: articleId=12345645&nonce=ii2jt0x4&timestamp=1688602873683|
|ERROR|2023-07-06 08:21:14.099|http-nio-3170-exec-1||uid=|sortedParams: articleId=12345645&nonce=zidz4dx4&timestamp=1688602873677|
|ERROR|2023-07-06 08:21:14.099|http-nio-3170-exec-1||uid=|signValue: OqNVrtyxK9ZI7wmjCk6kmXAU1MHzGlQ5SmHNsQSGfGBPfYg0whMcExs660LlldLGHVkrg5+vHoufdjZNlK5ZUA==|
|ERROR|2023-07-06 08:21:14.099|http-nio-3170-exec-3||uid=|signValue: aDqGKkHMnk++UQZDXZ4NSkHe/vk5X9m7HaNjy7LnrZb5wQvJmQRcJWZB6sxRBJhWucSE+CcJDzU3NMbZcF7z1g==|
|ERROR|2023-07-06 08:21:17.219|http-nio-3170-exec-4||uid=|sortedParams: articleId=12345645&current=1&nonce=cbvy39n8&pageSize=10&timestamp=1688602877199|
|ERROR|2023-07-06 08:21:17.220|http-nio-3170-exec-4||uid=|signValue: g1keSUA88O/F5QbnB7hKE2lZFvAIo9zd++AHiBE48BYMUYxqQnMlYKC96aDghz2dZfOB+3YQ4NDo7Diso7wb3A==|
|ERROR|2023-07-06 08:28:35.450|http-nio-3170-exec-2||uid=|sortedParams: nonce=zrx4er75&timestamp=1688603315106|
|ERROR|2023-07-06 08:28:35.451|http-nio-3170-exec-2||uid=|signValue: TRBk0Evz3cbNoWpPMYD9CUMf733muX7gK8xHpo9Tpmq0a38+CfB9G0bpOEdvYxhXt8zGVamwdNcuQFwCg22dmw==|
|ERROR|2023-07-06 08:28:35.460|http-nio-3170-exec-3||uid=|sortedParams: articleId=12345645&nonce=xlfu78hu&timestamp=1688603315121|
|ERROR|2023-07-06 08:28:35.461|http-nio-3170-exec-3||uid=|signValue: fP/lfBUY9ZpZS2gSH//7NcHeoEpnP3PyQPxAi8EtV9SZWdWJ8Z+8uZuPOTI//tlUhpqmzKyefXKN5GiauvZ6hQ==|
|ERROR|2023-07-06 08:28:35.461|http-nio-3170-exec-4||uid=|sortedParams: articleId=12345645&nonce=jlau2vy9&timestamp=1688603315127|
|ERROR|2023-07-06 08:28:35.462|http-nio-3170-exec-4||uid=|signValue: UZOSy72KXMvKRc2cYsoygl308YI4y2r8CTys5AzF5/AYbkA7U7o++3DvNintLP9PhvfFnt1CaIBCgXaXpYH3rA==|
|ERROR|2023-07-06 08:28:36.102|http-nio-3170-exec-8||uid=|sortedParams: articleId=12345645&current=1&nonce=160gfazi&pageSize=10&timestamp=1688603316093|
|ERROR|2023-07-06 08:28:36.103|http-nio-3170-exec-8||uid=|signValue: CRL3TmWDezmydgOGCK2Qd7igCrrLRFsr7wpHO6NB84AfyXnbLXZ6EuC4RjI97hbHnv4qg1QJf5gUXl5XUpNnRg==|
|ERROR|2023-07-06 08:32:29.628|http-nio-3170-exec-1||uid=|sortedParams: nonce=a8d5vh54&timestamp=1688603549150|
|ERROR|2023-07-06 08:32:29.628|http-nio-3170-exec-1||uid=|signValue: f3F02JIwycMNrUzRtdci0kt1KNMxWdr9fyYfPSYvYDZk2CiOgLgRcE2V1KQAxo07KyJsJ/OYdj4oQ5NX5aXzvw==|
|ERROR|2023-07-06 08:32:29.633|http-nio-3170-exec-2||uid=|sortedParams: articleId=12345645&nonce=s8q6so1d&timestamp=1688603549162|
|ERROR|2023-07-06 08:32:29.633|http-nio-3170-exec-2||uid=|signValue: JkUxT3NIJL5Xf/Y1Hfl8tau96OiYCgptAzctRcyrDAIa8BjJk+nzk0bVmtqYsACMKYKJ5Agc+LqMx+/DQeiawA==|
|ERROR|2023-07-06 08:32:29.633|http-nio-3170-exec-3||uid=|sortedParams: articleId=12345645&nonce=35nvnugv&timestamp=1688603549169|
|ERROR|2023-07-06 08:32:29.634|http-nio-3170-exec-3||uid=|signValue: XVRt9jRMtrkULA9zTpvFHot3M1ncZCw0jA8pRCOCPWeGiuLwlWtLkK/xnkWqGk+O7F3ztgab57uAEJ5VmvqWUw==|
|ERROR|2023-07-06 08:32:30.928|http-nio-3170-exec-7||uid=|sortedParams: articleId=12345645&current=1&nonce=d6ex7fw3&pageSize=10&timestamp=1688603550910|
|ERROR|2023-07-06 08:32:30.928|http-nio-3170-exec-7||uid=|signValue: a4YpJUjrk4GgWggfdfusjWMJ8baDlYDP500gbs9f0TW8AG5H7QigjjfiGr6/E4hNglC0UGPQ4dnXhMUXGDOpvQ==|
|ERROR|2023-07-06 08:36:16.164|http-nio-3170-exec-1||uid=|sortedParams: nonce=bgvfn18z&timestamp=1688603775821|
|ERROR|2023-07-06 08:36:16.164|http-nio-3170-exec-1||uid=|signValue: VWNnfAW0m11pgZLolO/H6so4/NRMlBEwoMqig94ecsYxCpJJDuGIOVPxss9h9H3aljt7paFxA2LgpyNDXuo6Fg==|
|ERROR|2023-07-06 08:36:16.173|http-nio-3170-exec-2||uid=|sortedParams: articleId=12345645&nonce=skv9af2v&timestamp=1688603775830|
|ERROR|2023-07-06 08:36:16.173|http-nio-3170-exec-2||uid=|signValue: FTYA1oHgChB7ZqRlWh4yH7oKfnxGIAnlNMncmkFHTZjNSbI+6p0yF71yPUW39SAsbdOSKCiDsh6w1gvxddpGjw==|
|ERROR|2023-07-06 08:36:16.173|http-nio-3170-exec-3||uid=|sortedParams: articleId=12345645&nonce=061gy99g&timestamp=1688603775834|
|ERROR|2023-07-06 08:36:16.173|http-nio-3170-exec-3||uid=|signValue: aAN0qdBZdy8hOFCbV1PiknHD27EV1IzQjimWlq+c97JD4IihNH7ydviqGAQ2tTiYdLv1B2O445O5ntoqGKuX7g==|
|ERROR|2023-07-06 08:36:19.851|http-nio-3170-exec-4||uid=|sortedParams: articleId=12345645&current=1&nonce=lo5ds0fv&pageSize=10&timestamp=1688603779829|
|ERROR|2023-07-06 08:36:19.851|http-nio-3170-exec-4||uid=|signValue: feQQ7GF0CnGt0LFSuG2FKOjRz9TMCwV7iqVZsI3r+ufu0HVlz0fMW/lfw5p8MWPWnoOXwvF4R38JIgPJVnXs|
|ERROR|2023-07-06 08:36:25.537|http-nio-3170-exec-7||uid=|sortedParams: articleId=12345645&nonce=w4n4mwy0&timestamp=1688603785508|
|ERROR|2023-07-06 08:36:25.537|http-nio-3170-exec-6||uid=|sortedParams: articleId=12345645&nonce=8btb8jii&timestamp=1688603785501|
|ERROR|2023-07-06 08:36:25.537|http-nio-3170-exec-5||uid=|sortedParams: nonce=fcpbqse4&timestamp=1688603785489|
|ERROR|2023-07-06 08:36:25.537|http-nio-3170-exec-6||uid=|signValue: FxH+D+YDj05u9aueEVHz0VbeHFz4Wggj1dI1GepvWlD6mHOkXG9Nlp/s7qIPnprose1xeUPqxy1JXzdBt/4P+Q==|
|ERROR|2023-07-06 08:36:25.537|http-nio-3170-exec-5||uid=|signValue: eLzT/mv+6IkXqvwAYQHWIV9NhkOT3jIcdD4XE7ixza4CU0ZZcehGlLwaVRsI9H0r4v+nVRieP9l/5qg2gskqew==|
|ERROR|2023-07-06 08:36:25.537|http-nio-3170-exec-7||uid=|signValue: cdB668ZlRR6Dy8h7v9Z7o9HQXg4SY6Bj3ltvK1Q0BAYSTRwCsXhOuNJ5p0I+BUELjCRktYSafSYb6B46Va88xA==|
|ERROR|2023-07-06 08:36:27.870|http-nio-3170-exec-8||uid=|sortedParams: articleId=12345645&current=1&nonce=w3ef7226&pageSize=10&timestamp=1688603787861|
|ERROR|2023-07-06 08:36:27.870|http-nio-3170-exec-8||uid=|signValue: LdmLY77U87NpohCQVpOQkYEIwbk5myi4y7t4jeJ/qMPz7quF/umRtYnXLRI7dXuEs+qROUvlSUbNmMZz1XcUaw==|
|ERROR|2023-07-06 08:37:51.456|http-nio-3170-exec-1||uid=|sortedParams: nonce=ptxxo4ky&timestamp=1688603871020|
|ERROR|2023-07-06 08:37:51.457|http-nio-3170-exec-1||uid=|signValue: IanUohyJSurCn+TxZolH733wooPDSok+NDle2LnYR63PPEpb1aB3YDof+yfYNoDBgD+BXR8hB5xjXTflkDOmxw==|
|ERROR|2023-07-06 08:37:51.463|http-nio-3170-exec-2||uid=|sortedParams: articleId=12345645&nonce=mfxw8ark&timestamp=1688603871040|
|ERROR|2023-07-06 08:37:51.463|http-nio-3170-exec-2||uid=|signValue: caZfu2V5cf5ddr1vV3yq4n5nrI71SpTu4c+WUlzLrCbsShXjRIi/mbFQn/zv1zN03qJil2EgDJdn/o7rB3i7hg==|
|ERROR|2023-07-06 08:37:51.463|http-nio-3170-exec-3||uid=|sortedParams: articleId=12345645&nonce=h54zcoxy&timestamp=1688603871047|
|ERROR|2023-07-06 08:37:51.464|http-nio-3170-exec-3||uid=|signValue: difi6/Renq56GPyytDCj0ssAFTz+s9JpQkPfpk/njbKs/D9IJXHl9VDdUPFnzh5Nr1UjPpMQzwOwPIK+/+2Ftw==|
|ERROR|2023-07-06 08:37:52.824|http-nio-3170-exec-4||uid=|sortedParams: articleId=12345645&current=1&nonce=uvbhlrzj&pageSize=10&timestamp=1688603872800|
|ERROR|2023-07-06 08:37:52.824|http-nio-3170-exec-4||uid=|signValue: VibqToxPd3WkiCVrgoMkthvluJd0La7gfHJt0cXqjRreKVd4bc3p+IUxXEoKFOnhIzyhch1ZElam1r3gu886Tw==|
|ERROR|2023-07-06 08:39:38.159|http-nio-3170-exec-1||uid=|sortedParams: nonce=hq7cecbw&timestamp=1688603977680|
|ERROR|2023-07-06 08:39:38.159|http-nio-3170-exec-1||uid=|signValue: SyR8q0brYY+BBxj6AG5gXobERuq5HQwz9lmIVtxsL1kXunUBX4s9xdHglTFSqdqhKw619Xlrvh9w3hVfenxLUw==|
|ERROR|2023-07-06 08:39:38.168|http-nio-3170-exec-4||uid=|sortedParams: articleId=12345645&nonce=6hw425m1&timestamp=1688603977699|
|ERROR|2023-07-06 08:39:38.168|http-nio-3170-exec-2||uid=|sortedParams: articleId=12345645&nonce=jyf33fyu&timestamp=1688603977692|
|ERROR|2023-07-06 08:39:38.169|http-nio-3170-exec-4||uid=|signValue: HigzmbMvEdeNouo7G7PVMIBTHoWeQtA5Oy4g8IGUnhSc9tabHrkF6Cqj+blwXZ8SPst4HrUdcKRslaOfhdJCdQ==|
|ERROR|2023-07-06 08:39:38.169|http-nio-3170-exec-2||uid=|signValue: SA3+tNv+y8XTIoVnctYqGqvtAIoYzcQqJ/7Nx5Qe3kiLNzde3NZxamE/q7ZreaR1CqHmzHESCoJGq5cStnQy/A==|
|ERROR|2023-07-06 08:39:39.653|http-nio-3170-exec-3||uid=|sortedParams: articleId=12345645&current=1&nonce=io046p3u&pageSize=10&timestamp=1688603979636|
|ERROR|2023-07-06 08:39:39.653|http-nio-3170-exec-3||uid=|signValue: gIM383CRO8ngJY0ObNHElRoIj7nrROydOXaoM0ciaSmwAt2CMpdN5JRI1wy03/J4nNHhJbQHjAMudvjDYQ9GQg==|
|ERROR|2023-07-06 17:31:06.424|http-nio-3170-exec-10||uid=|sortedParams: nonce=xmeh7zet&timestamp=1688635866395|
|ERROR|2023-07-06 17:31:06.424|http-nio-3170-exec-2||uid=|sortedParams: articleId=12345645&nonce=2w2wo0oa&timestamp=1688635866405|
|ERROR|2023-07-06 17:31:06.424|http-nio-3170-exec-10||uid=|signValue: Vp4WbDX7K2o20Qa4XdGiij+3NSgsvqixukdAJqt48N5ypYL9jJfYwvNHbwZAsxBKO6iWSerXJ2335rkmjkqxsw==|
|ERROR|2023-07-06 17:31:06.424|http-nio-3170-exec-2||uid=|signValue: HTK8YxaJ+h3zr7sAXFeIzqlya+0AjjIYeAaM+ldBRSwlGjX0IQ/aFEPhCBNrTnLaTL4TKwKecyynffq9dodE+w==|
|ERROR|2023-07-06 17:31:06.424|http-nio-3170-exec-9||uid=|sortedParams: articleId=12345645&nonce=d7yeyp8a&timestamp=1688635866402|
|ERROR|2023-07-06 17:31:06.425|http-nio-3170-exec-9||uid=|signValue: Cc6+qsPKABBI4mTwdPsG9D6JcwhxS+V9S8kAW3VgNgeCPTFhJhjfXXRuNPnZgGt7inDxqFRGn3nHKnwUta84Ww==|
|ERROR|2023-07-06 17:31:07.166|http-nio-3170-exec-1||uid=|sortedParams: articleId=12345645&current=1&nonce=g6295ml3&pageSize=10&timestamp=1688635867157|
|ERROR|2023-07-06 17:31:07.166|http-nio-3170-exec-1||uid=|signValue: apHuEW9EiQjnfP8g21KFVx4nDfubcBAmEPR1ZqeRiMLiPHGrFX7uSqU9saFiYLjhOBxdSmbW9QcwH4OcFBVyjw==|
|ERROR|2023-07-06 17:38:55.659|http-nio-3170-exec-1||uid=|sortedParams: nonce=lcv102fr&timestamp=1688636335254|
|ERROR|2023-07-06 17:38:55.660|http-nio-3170-exec-1||uid=|signValue: NEkPNmuNyA7pkZavRKLFk29T6Zr5lqE39DJNROdf7umYFWwmFEgJ4eZELYnUhRevxUuEcyL/C8vetT/k++pkTQ==|
|ERROR|2023-07-06 17:38:55.665|http-nio-3170-exec-3||uid=|sortedParams: articleId=12345645&nonce=4mcd218d&timestamp=1688636335262|
|ERROR|2023-07-06 17:38:55.666|http-nio-3170-exec-3||uid=|signValue: U30K6z26igcdlfRxTRVLO/+8oBL1fde66iOhKwDf26hIlNSlGcoSag+VqW6Emx17ROLYnJE6Qsh1VewbtWG90w==|
|ERROR|2023-07-06 17:38:55.666|http-nio-3170-exec-2||uid=|sortedParams: articleId=12345645&nonce=8emauva1&timestamp=1688636335268|
|ERROR|2023-07-06 17:38:55.666|http-nio-3170-exec-2||uid=|signValue: X2nXiil0HdcL5ayoetRFynGngxVqfPvqfTPk/LDsfh6sYEyjNoMVVXbWh39gTUAd3R1yDB/I+/ZLVeJXUro7+Q==|
|ERROR|2023-07-06 17:39:20.128|http-nio-3170-exec-7||uid=|sortedParams: articleId=12345645&current=1&nonce=56vfcf11&pageSize=10&timestamp=1688636360108|
|ERROR|2023-07-06 17:39:20.128|http-nio-3170-exec-7||uid=|signValue: U17CfepL5XnAf3O4EB6u6T+Tt/xA9lriCMZwkBY4wTstq4KjOsqdOqOCnE+ahZpim42xCwr9OO8LGb8rjpqkfw==|
|ERROR|2023-07-06 17:42:31.086|http-nio-3170-exec-9||uid=|sortedParams: nonce=f2kmejb2&timestamp=1688636551009|
|ERROR|2023-07-06 17:42:31.086|http-nio-3170-exec-10||uid=|sortedParams: articleId=12345645&nonce=e5aq5moj&timestamp=1688636551015|
|ERROR|2023-07-06 17:42:31.087|http-nio-3170-exec-9||uid=|signValue: T/wV/Sok4PUlY47R342jeKHyZTejwag6GcSOLQ+xRBl5CL0weGc3Zk1FhKVhhsfI2rL4yambpUZYMWppflQQUQ==|
|ERROR|2023-07-06 17:42:31.087|http-nio-3170-exec-10||uid=|signValue: N2EIMBpEfcwdB8l8JEcfs2FfLQ32FgJcQGMGz52PWshNtdoGf8Tmhju8ksUlCAdHFopbu93fIA7y0jZc2y2BQA==|
|ERROR|2023-07-06 17:42:31.087|http-nio-3170-exec-3||uid=|sortedParams: articleId=12345645&nonce=dtxfq0f2&timestamp=1688636551021|
|ERROR|2023-07-06 17:42:31.087|http-nio-3170-exec-3||uid=|signValue: P0a+L7oxkXhpG14InhBENhKs3c7dPsVu7Q71DXdcZLw2u0BPPRc5XfjPDvR+OAvOqg6RrSKtC1TsbJOZa0/Ucw==|
|ERROR|2023-07-06 17:42:32.642|http-nio-3170-exec-1||uid=|sortedParams: articleId=12345645&current=1&nonce=rcm3rtwl&pageSize=10&timestamp=1688636552634|
|ERROR|2023-07-06 17:42:32.642|http-nio-3170-exec-1||uid=|signValue: fWYaxvmxvsk0fJ/+zGtXD7XjOcVF8hk6FABaJx9U7LlDnsT85RzAgyeLA/1HZjSpzHovcu3Jsw1S88dKQSiixA==|
|ERROR|2023-07-06 18:48:38.503|http-nio-3170-exec-1||uid=|sortedParams: nonce=eos752h3&timestamp=1688640518108|
|ERROR|2023-07-06 18:48:38.504|http-nio-3170-exec-1||uid=|signValue: g3RJmotOwyEsbrLphHMDe5V6cS5FE2hGP+dd/R0YMpn+0uK/jWqcV4Qw7yMQ3YldAstrHWdVSHckozo9yZZVKw==|
|ERROR|2023-07-06 18:48:38.513|http-nio-3170-exec-3||uid=|sortedParams: articleId=12345645&nonce=a8j7x622&timestamp=1688640518118|
|ERROR|2023-07-06 18:48:38.513|http-nio-3170-exec-3||uid=|signValue: URh+4rO9T880WLf4zri6iJevdjVym2+csrMaAL5JsG/3u9y+P6AIJ9BrRYxxL7EwTbmun+hgzScusTVAe3IKew==|
|ERROR|2023-07-06 18:48:38.513|http-nio-3170-exec-2||uid=|sortedParams: articleId=12345645&nonce=8wwaimo7&timestamp=1688640518114|
|ERROR|2023-07-06 18:48:38.514|http-nio-3170-exec-2||uid=|signValue: IgFqkXGljE5MOtWAvfJZt4vRFpQQ+lXHYl9FzqN3SrwXDB5Ndb/Nm0i5Z7cE3I4unxQA+QGen6NngKbQ57fG5A==|
|ERROR|2023-07-06 18:48:41.408|http-nio-3170-exec-8||uid=|sortedParams: articleId=12345645&current=1&nonce=1qily3mf&pageSize=10&timestamp=1688640521389|
|ERROR|2023-07-06 18:48:41.408|http-nio-3170-exec-8||uid=|signValue: gzjMmIuyY86LBIL2ggOU9OJd3Y73Rf13+0sd2m4da5bwd6J7TPB9to589MYbdOS7vN13TrEhxWdi01xk19cJZg==|
|ERROR|2023-07-06 18:50:44.188|http-nio-3170-exec-10||uid=|sortedParams: nonce=hwtakicu&timestamp=1688640644053|
|ERROR|2023-07-06 18:50:44.188|http-nio-3170-exec-10||uid=|signValue: BoOmX+YxR36xZy4os45oJlxolVHgK1K7+NcJLhF+oo3kLsxiMaP/ll+QG+6iXh/2MSQZFzo/GAXkpqjFGKcQHw==|
|ERROR|2023-07-06 18:50:44.195|http-nio-3170-exec-1||uid=|sortedParams: articleId=12345645&nonce=a1e3161b&timestamp=1688640644065|
|ERROR|2023-07-06 18:50:44.195|http-nio-3170-exec-2||uid=|sortedParams: articleId=12345645&nonce=ribpdsbt&timestamp=1688640644071|
|ERROR|2023-07-06 18:50:44.196|http-nio-3170-exec-1||uid=|signValue: E/Es8hGxP9nNqu25qXHOFwVWlt+cagTgCWi8UwmQBcwK4qpFApx22g4Ha65SO3I0WB2tQmHXrY7t1MpBoonEKQ==|
|ERROR|2023-07-06 18:50:44.196|http-nio-3170-exec-2||uid=|signValue: VojmZMUAe+5E+uyh3UeqqACMMllOGjwmEb5L69QjfsSOvYoldFHp/G9CVCxqI+rmz7Hgr1A/H0c1s3ng8vvGyA==|
|ERROR|2023-07-06 18:50:45.631|http-nio-3170-exec-3||uid=|sortedParams: articleId=12345645&current=1&nonce=hkprkxt9&pageSize=10&timestamp=1688640645623|
|ERROR|2023-07-06 18:50:45.631|http-nio-3170-exec-3||uid=|signValue: XMACTTejgqbo3EPgj03UUU3bak+LmO36MGRlnjkBBRB6BGVQfHOSVhp/XA1B4NFsul4mRiza7v8j8EpdjwkGVg==|
|ERROR|2023-07-06 19:21:39.320|http-nio-3170-exec-1||uid=|sortedParams: nonce=9oiuu9m9&timestamp=1688642498949|
|ERROR|2023-07-06 19:21:39.321|http-nio-3170-exec-1||uid=|signValue: AQJN5+3+4t60coKT5xBcYt+/t9ruqjELaTx4UU/hmfY0v2q8LDXR5aDEt4Oz85/l0yt+vsdHB84aJU2LIevNGA==|
|ERROR|2023-07-06 19:21:39.330|http-nio-3170-exec-2||uid=|sortedParams: articleId=12345645&nonce=1yiaf333&timestamp=1688642498956|
|ERROR|2023-07-06 19:21:39.330|http-nio-3170-exec-2||uid=|signValue: JZFpG9vgSkUAb6KDFqmB6tfxy0I/YwSIEW/xeRx+YDrVb2tbCbLrr3dT3tlVXC1KKuLmpPYA/Yke3MivLMTZZw==|
|ERROR|2023-07-06 19:21:39.330|http-nio-3170-exec-3||uid=|sortedParams: articleId=12345645&nonce=oom7hvtr&timestamp=1688642498960|
|ERROR|2023-07-06 19:21:39.330|http-nio-3170-exec-3||uid=|signValue: fmQ0LCD7NDHtQRjnHy6A8VwA3YcO5Nzt1tolCV3dFdBToSThuE0TZ8Gur7dKkHFSWdiYRXELxUBMqs4WrcVALA==|
|ERROR|2023-07-06 19:21:41.062|http-nio-3170-exec-4||uid=|sortedParams: articleId=12345645&current=1&nonce=uuysz76v&pageSize=10&timestamp=1688642501044|
|ERROR|2023-07-06 19:21:41.062|http-nio-3170-exec-4||uid=|signValue: PD5hA6p7WkBnbinGLCrfWL/DXvdlqeqh1E65H6u3wmILZ2RVrIG+/pYxRhpVDBcR78sAl0aLnKyTSP6xMvdf6A==|
|ERROR|2023-07-06 19:22:02.467|http-nio-3170-exec-9||uid=|sortedParams: nonce=v18t6209&timestamp=1688642522402|
|ERROR|2023-07-06 19:22:02.467|http-nio-3170-exec-9||uid=|signValue: fb5P2RirmEREhlBvMNQFhot5wlCibMsxObX92KblQdHP3RuzjeYSrHHRoVHO24AZQOi7aXnLOphRqnSwAJER0w==|
|ERROR|2023-07-06 19:22:02.469|http-nio-3170-exec-1||uid=|sortedParams: articleId=12345645&nonce=rktal7cw&timestamp=1688642522417|
|ERROR|2023-07-06 19:22:02.469|http-nio-3170-exec-1||uid=|signValue: HW1iw9QBWzfKqi2ZkZUKRbtAtnix+81+jC6mw0/o+tOsCd3ItdQuzLxxCuzccs/nl4WZi37yEjNh3fBHQQBCOg==|
|ERROR|2023-07-06 19:22:02.470|http-nio-3170-exec-10||uid=|sortedParams: articleId=12345645&nonce=smtayqah&timestamp=1688642522412|
|ERROR|2023-07-06 19:22:02.470|http-nio-3170-exec-10||uid=|signValue: b85ZP8XEozXRLFdXYTQL5ND4/kAcn7Y+NNOXoMa0df5LX4sI6gy/0FC3n3oMHo2Y1SrCrYl5seSJdW52+0DDUg==|
|ERROR|2023-07-06 19:22:03.516|http-nio-3170-exec-2||uid=|sortedParams: articleId=12345645&current=1&nonce=d6cu9p8i&pageSize=10&timestamp=1688642523506|
|ERROR|2023-07-06 19:22:03.516|http-nio-3170-exec-2||uid=|signValue: P3C9bhLEQg+TW5wN/d8iX2Jks/gIJK4ciaIPrtgs46g7IUC/a1vD9m9iv6PqHnjooXw+uHtr9RzT/T39c7BNug==|
|ERROR|2023-07-06 19:23:18.571|http-nio-3170-exec-1||uid=|sortedParams: nonce=eohw3wf3&timestamp=1688642597992|
|ERROR|2023-07-06 19:23:18.571|http-nio-3170-exec-1||uid=|signValue: TinPFbQcQkK3od5LFKm0vUi65+rfgpeKalnRPO0y0I9DuK47fyuKC1Iav3IpuEHyPtenK1y8LL8zGKcavyKe4Q==|
|ERROR|2023-07-06 19:23:18.580|http-nio-3170-exec-3||uid=|sortedParams: articleId=12345645&nonce=0hk4mstt&timestamp=1688642598010|
|ERROR|2023-07-06 19:23:18.581|http-nio-3170-exec-3||uid=|signValue: dLnSbhLfZjPL8uil/rlMlVZO2WvwscpaSkMbDxdrKDepVnUzvtQUV1NwPIKxhpj45N+s6aCKuKOs1MdtqMdVDg==|
|ERROR|2023-07-06 19:23:18.581|http-nio-3170-exec-2||uid=|sortedParams: articleId=12345645&nonce=qrd4q0ya&timestamp=1688642598005|
|ERROR|2023-07-06 19:23:18.581|http-nio-3170-exec-2||uid=|signValue: Q47eTJbftjeB4YUVR+kr02U6j2xvrrob/mGDtadIKOAGlVoqOx3YnW0o1lt+IX34ZTHwOMC3XUVnjUcE8DtkTA==|
|ERROR|2023-07-06 19:23:19.919|http-nio-3170-exec-4||uid=|sortedParams: articleId=12345645&current=1&nonce=wqmgjt88&pageSize=10&timestamp=1688642599898|
|ERROR|2023-07-06 19:23:19.920|http-nio-3170-exec-4||uid=|signValue: HxkgdfVRjtS3A8oqbtkgtPWYUFPAW5HPdQbbIQqQ28tHpYO9R2hacwN3BUn/oilIErTMVkQK62X7Tl84Lswo4w==|
|ERROR|2023-07-06 19:31:31.580|http-nio-3170-exec-2||uid=|sortedParams: articleId=12345645&nonce=zd32w389&timestamp=1688643091557|
|ERROR|2023-07-06 19:31:31.580|http-nio-3170-exec-9||uid=|sortedParams: nonce=r2le3w2d&timestamp=1688643091542|
|ERROR|2023-07-06 19:31:31.580|http-nio-3170-exec-10||uid=|sortedParams: articleId=12345645&nonce=u2h8fmk0&timestamp=1688643091552|
|ERROR|2023-07-06 19:31:31.580|http-nio-3170-exec-2||uid=|signValue: Ex6JrINx7CL1jPphKjBem0GK6cx9gocyxCIAHYmIZ3zZ8B1vmabRYSHKLnpTi6sP0+ddiumQTmGpjU4Ew29vLw==|
|ERROR|2023-07-06 19:31:31.581|http-nio-3170-exec-10||uid=|signValue: D9xcOPFCrcs8RWBJBSbhgepAX7KWpD9kD65TanlqQv3i7yjD+++WlUX4kVON48x+k1/se01WPpgLDlnu4DisJQ==|
|ERROR|2023-07-06 19:31:31.581|http-nio-3170-exec-9||uid=|signValue: MwmGNBhpDs7TTwsH/515kMBb8Mny/aveZbp8pMKGSnaVEodaqkAYTyT0PAlyyKO5UlXXb40FFklEaRzhSRYjPQ==|
|ERROR|2023-07-06 19:32:51.248|http-nio-3170-exec-1||uid=|sortedParams: articleId=12345645&current=1&nonce=jtwhubux&pageSize=10&timestamp=1688643171237|
|ERROR|2023-07-06 19:32:51.248|http-nio-3170-exec-1||uid=|signValue: NYJKKXGY7bYlPkRJFLDxAyct+w7tsjywdPEu7bxTs6+vTTPQfgN8svkI1hED78sx1rdpQEDEzrYFkfTd0HkqKw==|
|ERROR|2023-07-06 19:35:29.990|http-nio-3170-exec-7||uid=|sortedParams: nonce=zo0p80ae&timestamp=1688643329947|
|ERROR|2023-07-06 19:35:29.990|http-nio-3170-exec-7||uid=|signValue: L5rVaq6vJ4+lbiwSOsGnylpZol7UbEr4swwE5rEt02FXglYvGZ4dy6GhH0wAtUJGBJfcKlKz/y0hgmfLsq72|
|ERROR|2023-07-06 19:35:30.003|http-nio-3170-exec-9||uid=|sortedParams: articleId=12345645&nonce=i6v1by5z&timestamp=1688643329959|
|ERROR|2023-07-06 19:35:30.003|http-nio-3170-exec-8||uid=|sortedParams: articleId=12345645&nonce=zmbt4609&timestamp=1688643329954|
|ERROR|2023-07-06 19:35:30.003|http-nio-3170-exec-9||uid=|signValue: IX5uhgCoc50vclovlHe6KmcCF2GIdFuz0/G4ac+b1sZUDf3NpqK+N8oGSbukdWSqPJaKVF/SQj1PrqJPgCt1YQ==|
|ERROR|2023-07-06 19:35:30.003|http-nio-3170-exec-8||uid=|signValue: FuSVEC6UO4RZangu1o5WpjsL6rM8BlJBcVWTMScRXxlRkdUMtlZEFEVUG/BPJEONteIO/+xpqReMuoL2gtyuyw==|
|ERROR|2023-07-06 19:35:31.576|http-nio-3170-exec-10||uid=|sortedParams: articleId=12345645&current=1&nonce=zompv8qa&pageSize=10&timestamp=1688643331566|
|ERROR|2023-07-06 19:35:31.576|http-nio-3170-exec-10||uid=|signValue: bHudRsGd1pYw+HJ2p8f8Ikpf2AaclL/6hlSAPNLFaOyDivxXKDan7uRdQzgf033HRC2RS9pGrR914qSlb7xxEQ==|
|ERROR|2023-07-06 19:42:06.863|http-nio-3170-exec-3||uid=|sortedParams: articleId=12345645&current=1&nonce=0qfk6dvn&pageSize=10&timestamp=1688643726791|
|ERROR|2023-07-06 19:42:06.863|http-nio-3170-exec-3||uid=|signValue: LGEpgoHYgyqFG/IQxhknkLv6HJ6HqlXaTccq+X7PV9kiSWMCEcvuaHfPGh8o5hzeHc3VEfB/sMoAR+/Yin1EtQ==|
|ERROR|2023-07-06 19:42:16.164|http-nio-3170-exec-6||uid=|sortedParams: id=40&nonce=9mc4srao&timestamp=1688643736060|
|ERROR|2023-07-06 19:42:16.164|http-nio-3170-exec-6||uid=|signValue: MWm/zY2U1QFJpYQBHORXqcO2o3fBVE6CfqoQpIMGu0jv6ITPRKm9Vo91YesICkm06TEpXUlFLG1sapXR/n9RUQ==|
|ERROR|2023-07-06 19:42:18.780|http-nio-3170-exec-7||uid=|sortedParams: articleId=12345645&nonce=3n7e07ad&timestamp=1688643738763|
|ERROR|2023-07-06 19:42:18.780|http-nio-3170-exec-8||uid=|sortedParams: articleId=12345645&nonce=ud4v6b8g&timestamp=1688643738764|
|ERROR|2023-07-06 19:42:18.781|http-nio-3170-exec-7||uid=|signValue: DzzutLQaE1/E6PCToZnQBgBiu0Avfw4X6BG2fce8WlP2ZsmeT8Zozp2xFLfRb0VBttfbcmaq1D19veXe687wLA==|
|ERROR|2023-07-06 19:42:18.781|http-nio-3170-exec-8||uid=|signValue: crpoFerIaIr6XvhnUb1Msv9+REdWETU7bgEm4SpnuOiZ64cIC9ZjobcTS30BIXEetAYkqCftbKKMtIULQ866uQ==|
|ERROR|2023-07-06 19:51:10.434|http-nio-3170-exec-1||uid=|sortedParams: nonce=n4kj8zk1&timestamp=1688644270033|
|ERROR|2023-07-06 19:51:10.434|http-nio-3170-exec-1||uid=|signValue: WwuAGhBSf4GJTS5Fisi6wek5J7CcWNE+GUHgh8zIkgp2pVFnFOxT9paCw6NQAaZxTMTUxjqx1sG07Zy6VuZulQ==|
|ERROR|2023-07-06 19:51:10.442|http-nio-3170-exec-2||uid=|sortedParams: articleId=12345645&nonce=xjovr8sm&timestamp=1688644270044|
|ERROR|2023-07-06 19:51:10.442|http-nio-3170-exec-2||uid=|signValue: Me462arllidKqYsi1jvoK4obrBenorqwD3I5+nESJU2yI/stxqIunFcvOiXiEpDNy/L2G5kfVBE3WnyFx9lq7Q==|
|ERROR|2023-07-06 19:51:10.443|http-nio-3170-exec-3||uid=|sortedParams: articleId=12345645&nonce=h2j4n56f&timestamp=1688644270040|
|ERROR|2023-07-06 19:51:10.443|http-nio-3170-exec-3||uid=|signValue: L7pLYwwmAWM1a6hAk/m3NMUIxLlqdDHb05SDs1EFWUzrLeZ1yTsxfAL5o/3xse2rQaIJf8b9Li63u2BZLagvPw==|
|ERROR|2023-07-06 19:51:11.826|http-nio-3170-exec-7||uid=|sortedParams: articleId=12345645&current=1&nonce=3gdhtnp5&pageSize=10&timestamp=1688644271809|
|ERROR|2023-07-06 19:51:11.827|http-nio-3170-exec-7||uid=|signValue: KZhenOGsRQgKOfHGSne8l+Rp19P26wkLiVWKpVx5yqpjnvMmzHMsdDTrV3rUasGTkMFb2P1uP1JgdLJpOZGtbQ==|
|ERROR|2023-07-06 19:51:18.864|http-nio-3170-exec-10||uid=|sortedParams: id=0acc4a4b20d3da824511cf8d1fa48f3f&nonce=cpt46unz&timestamp=1688644278742|
|ERROR|2023-07-06 19:51:18.864|http-nio-3170-exec-10||uid=|signValue: TgbyhiVg04JKvoIu46MplGEAgEQ+ETkSyWX4ZCr/eeftxIROwnKaQHdpHpZvWvqVMH3ombxu7Fo3tzUS5IeAfA==|
|ERROR|2023-07-06 19:51:18.925|http-nio-3170-exec-5||uid=|sortedParams: current=1&nonce=bann7tmb&pageSize=5&timestamp=1688644278915&userId=0acc4a4b20d3da824511cf8d1fa48f3f|
|ERROR|2023-07-06 19:51:18.925|http-nio-3170-exec-5||uid=|signValue: M4GH8HKtzCWyjs+SPY4q6u0aaOZ62D7zSDaeFwIhnEKZgvpw6w/c2LTQVam9AdWT80Qp224bc575Il1t3thFjA==|
|ERROR|2023-07-06 19:51:18.951|http-nio-3170-exec-9||uid=|sortedParams: current=1&nonce=yzu17u6d&pageSize=10&statusId=1&timestamp=1688644278940&userId=0acc4a4b20d3da824511cf8d1fa48f3f|
|ERROR|2023-07-06 19:51:18.952|http-nio-3170-exec-9||uid=|signValue: S0ZUARjdOYv2hR/qZ3CSGwmcDUz32jr55/ajTS3SsSn05zW9LfY7etWShbaBGLj7kY5Xv7xLU+KknNyM7RU01Q==|
|ERROR|2023-07-06 19:52:21.374|http-nio-3170-exec-4||uid=|sortedParams: nonce=3vrgjt0h&timestamp=1688644341350|
|ERROR|2023-07-06 19:52:21.374|http-nio-3170-exec-1||uid=|sortedParams: id=0acc4a4b20d3da824511cf8d1fa48f3f&nonce=9lr752kr&timestamp=1688644341357|
|ERROR|2023-07-06 19:52:21.374|http-nio-3170-exec-4||uid=|signValue: C9CXGya9XOUP/7wDSvNSCrQjoHD75i4nu86U2voQK0FD1tp1qSxcoYccBmTPDXYvlbLgUHr9/2H9lYXtDgPqWg==|
|ERROR|2023-07-06 19:52:21.374|http-nio-3170-exec-1||uid=|signValue: W2r/DsvQMbWFFbOm+iX+DxwGQdhigMhW0zPWBcIMW/ZoTav2Ar0KsoFdzUd+FCpxDK9frokumXYl0tlTm7jllQ==|
|ERROR|2023-07-06 19:52:21.433|http-nio-3170-exec-3||uid=|sortedParams: current=1&nonce=mev823qy&pageSize=5&timestamp=1688644341420&userId=0acc4a4b20d3da824511cf8d1fa48f3f|
|ERROR|2023-07-06 19:52:21.433|http-nio-3170-exec-3||uid=|signValue: OHUDj5c/YUr+5HqzReEsWeDkHTEfbemTI4ILOacoSmnyqrMih50zALMdfABNyqWpg1gAJRye09Smxsd31GvcAQ==|
|ERROR|2023-07-06 19:52:21.458|http-nio-3170-exec-2||uid=|sortedParams: current=1&nonce=pq4ioqog&pageSize=10&statusId=1&timestamp=1688644341449&userId=0acc4a4b20d3da824511cf8d1fa48f3f|
|ERROR|2023-07-06 19:52:21.459|http-nio-3170-exec-2||uid=|signValue: JavB0/h0K9oRCvl1P8AE5sbbcLkAp5ZJALUOE+QJb1xJ7jWvHO5L8cnaoVBBEm8KuNBiX/xl21mv3KKB1f0MGQ==|
|ERROR|2023-07-06 19:52:34.514|http-nio-3170-exec-7||uid=|sortedParams: nonce=ge17x2yc&timestamp=1688644354333|
|ERROR|2023-07-06 19:52:34.514|http-nio-3170-exec-7||uid=|signValue: AqCFWKcmrAkhbMpMnezDXp+JDFzCH39nvKgmjzaf1hMcQN81gAsFiOYc4NsUznzAdKDO92IwFNvMBoGYDIboAw==|
|ERROR|2023-07-06 19:52:34.519|http-nio-3170-exec-8||uid=|sortedParams: id=0acc4a4b20d3da824511cf8d1fa48f3f&nonce=6rpri54c&timestamp=1688644354349|
|ERROR|2023-07-06 19:52:34.521|http-nio-3170-exec-8||uid=|signValue: YmAzyhmS6FF9wDzQTF3TlKaCnTWkbjge/BkIspW09elFkW2hRFVhqszPvdS8hYbkQgvwDov9jLjkGuPytgGQvA==|
|ERROR|2023-07-06 19:52:34.619|http-nio-3170-exec-6||uid=|sortedParams: current=1&nonce=c38l665f&pageSize=5&timestamp=1688644354573&userId=0acc4a4b20d3da824511cf8d1fa48f3f|
|ERROR|2023-07-06 19:52:34.619|http-nio-3170-exec-6||uid=|signValue: TtyNm4772L5TV7kDnnY616coQQufHWKK5T/9YTHjFbBvtz2QPEkr/a/q6ldsdNDKdw1GkeKSPKmg0VocMMr5Vg==|
|ERROR|2023-07-06 19:52:34.838|http-nio-3170-exec-10||uid=|sortedParams: current=1&nonce=7alvwi0t&pageSize=10&statusId=1&timestamp=1688644354659&userId=0acc4a4b20d3da824511cf8d1fa48f3f|
|ERROR|2023-07-06 19:52:34.839|http-nio-3170-exec-10||uid=|signValue: VVbGcKl7B0fBGr1qwxinUdKosAI55UlHdxiFwLiGVODpmlq9FfKzJJ1byEJCPw8Udher4nadDKeF1K4zPCtMNw==|
|ERROR|2023-07-06 19:53:01.501|http-nio-3170-exec-5||uid=|sortedParams: nonce=qovxx22p&timestamp=1688644381476|
|ERROR|2023-07-06 19:53:01.501|http-nio-3170-exec-5||uid=|signValue: DHX8ipMzieOCxw299a35N3heS/zyyPs4gNnvkrHdc2HqEZgPQa5BnMrBe18ZPoncVuw7u3w9ba0UeSD/W+zeQQ==|
|ERROR|2023-07-06 19:53:01.504|http-nio-3170-exec-9||uid=|sortedParams: id=0acc4a4b20d3da824511cf8d1fa48f3f&nonce=7z0ppl9m&timestamp=1688644381484|
|ERROR|2023-07-06 19:53:01.505|http-nio-3170-exec-9||uid=|signValue: JkhozuXkoicn+n0zPaNuS8yIz1P1l1oPDCyMXteW59JYpraV1Uxg/BFb3CAg5KnbpHQriCV986Ew+02qsNsxeQ==|
|ERROR|2023-07-06 19:53:01.566|http-nio-3170-exec-4||uid=|sortedParams: current=1&nonce=zi3l03gw&pageSize=5&timestamp=1688644381557&userId=0acc4a4b20d3da824511cf8d1fa48f3f|
|ERROR|2023-07-06 19:53:01.566|http-nio-3170-exec-4||uid=|signValue: BYWvNDTP8kuQsIMruBaD/q0nukAzEToVQTPLcK33vIUpux6L0eGoJytpRebkQbqYLuR0Hi7uSPVfHGMx7KI6DQ==|
|ERROR|2023-07-06 19:53:01.585|http-nio-3170-exec-1||uid=|sortedParams: current=1&nonce=hy1cggyy&pageSize=10&statusId=1&timestamp=1688644381579&userId=0acc4a4b20d3da824511cf8d1fa48f3f|
|ERROR|2023-07-06 19:53:01.586|http-nio-3170-exec-1||uid=|signValue: aeRGkVpGb/OOzL5sP85DinmyPVJ6Vlk662n34S8MqRhAIR1Cn7ynKHM+fFaPeGWeD8O2kqtZ617NliOJ8sTLrA==|
|ERROR|2023-07-06 19:53:40.130|http-nio-3170-exec-3||uid=|sortedParams: nonce=u283iwu3&timestamp=1688644420111|
|ERROR|2023-07-06 19:53:40.131|http-nio-3170-exec-3||uid=|signValue: B55kgtz3NJMSZBtJNR5IDoXu30BTZXQiLZnaddSWss1zs0v/db/Y5f45v98wwHEQCdbYML2ybcfj1glpBZap5w==|
|ERROR|2023-07-06 19:53:40.133|http-nio-3170-exec-2||uid=|sortedParams: id=0acc4a4b20d3da824511cf8d1fa48f3f&nonce=ocvdyn9b&timestamp=1688644420117|
|ERROR|2023-07-06 19:53:40.133|http-nio-3170-exec-2||uid=|signValue: KLdiPWQ03LSGnqYDRiSvMXwQkQ08mKEZaInld0RDhn2vX4wf1sIzd8evQsGJK2HlMkKtcFAyWVAG3CzW5pY+Zw==|
|ERROR|2023-07-06 19:53:40.188|http-nio-3170-exec-7||uid=|sortedParams: current=1&nonce=cw2dckx4&pageSize=5&timestamp=1688644420177&userId=0acc4a4b20d3da824511cf8d1fa48f3f|
|ERROR|2023-07-06 19:53:40.188|http-nio-3170-exec-7||uid=|signValue: f2ixpdAncDOWScgmx9g6Nlk3Zsk37+Bnnv+f8g8YUDHWOGCn6Y3bbaY/LXT3TkFxQZCf/3CVTklGxAGZ0vJzJQ==|
|ERROR|2023-07-06 19:53:40.226|http-nio-3170-exec-8||uid=|sortedParams: current=1&nonce=y5uwm9ze&pageSize=10&statusId=1&timestamp=1688644420215&userId=0acc4a4b20d3da824511cf8d1fa48f3f|
|ERROR|2023-07-06 19:53:40.226|http-nio-3170-exec-8||uid=|signValue: GeyGxT8LI//TcR2iBbEooQtJHx80Bv7kmyfZWNhnyoMyIqqX8s6klCxA1z6JNPfsTrL+BNafgBMxnPkVrdcvkg==|
|ERROR|2023-07-06 19:53:59.425|http-nio-3170-exec-6||uid=|sortedParams: nonce=s1ukymul&timestamp=1688644439400|
|ERROR|2023-07-06 19:53:59.425|http-nio-3170-exec-6||uid=|signValue: VAXXL0aAwz3imWp1MLXKW10tbkkNtC1H4lyw+zBiqWzZ8TVO7QCjQGIaLN9PybZJwY5yn6AAfjnkE2FTpi0Zdw==|
|ERROR|2023-07-06 19:53:59.426|http-nio-3170-exec-10||uid=|sortedParams: id=0acc4a4b20d3da824511cf8d1fa48f3f&nonce=a7tcobbo&timestamp=1688644439407|
|ERROR|2023-07-06 19:53:59.426|http-nio-3170-exec-10||uid=|signValue: b5vu/HsvCKvcPHvSCDu/utS5t583YicobTcUDmi/RdM+Fc4VzRn/ajtRzbROZ8xEVMfG4Z5qJQBZXDjKXtFggQ==|
|ERROR|2023-07-06 19:53:59.480|http-nio-3170-exec-9||uid=|sortedParams: current=1&nonce=za7wrf9h&pageSize=5&timestamp=1688644439470&userId=0acc4a4b20d3da824511cf8d1fa48f3f|
|ERROR|2023-07-06 19:53:59.480|http-nio-3170-exec-9||uid=|signValue: PeP6gDdbjqZwTSjs381Dt303GwZe9PczJMFTMDG3b3v73WdQ0UwGsKJcIY4xC8efu4F1g11Ul+kb6t+xLoeKxQ==|
|ERROR|2023-07-06 19:53:59.504|http-nio-3170-exec-5||uid=|sortedParams: current=1&nonce=aopumu8w&pageSize=10&statusId=1&timestamp=1688644439493&userId=0acc4a4b20d3da824511cf8d1fa48f3f|
|ERROR|2023-07-06 19:53:59.504|http-nio-3170-exec-5||uid=|signValue: HGW9P6p87htEHOWblM4JAF3u73Q1Wnu/5OeeF7Zj4YD4Irs4zPgO19AiI86JTwnFcxpGaBWGxuX+uPzeITWCVg==|
|ERROR|2023-07-06 19:54:47.680|http-nio-3170-exec-4||uid=|sortedParams: articleId=12345645&nonce=3c4v4dv1&timestamp=1688644487658|
|ERROR|2023-07-06 19:54:47.680|http-nio-3170-exec-1||uid=|sortedParams: articleId=12345645&nonce=4byibi7s&timestamp=1688644487663|
|ERROR|2023-07-06 19:54:47.681|http-nio-3170-exec-1||uid=|signValue: fHrchIL58EiqLFXYy1+jet5iN2cLDhHWgnWA6QLhNNy5vBAXoeenScIcblGZD0E+EySWszXwKzLJTaBdxmLUGw==|
|ERROR|2023-07-06 19:54:47.681|http-nio-3170-exec-4||uid=|signValue: HhrnYrtxpZVJB3oPanYWTaS1FUH1p+gR/MzvXGiU075LlKljkiYf3GSZxKpN7u5dtgjcig29VnqX8EdlxIF/IA==|
|ERROR|2023-07-06 19:54:48.571|http-nio-3170-exec-3||uid=|sortedParams: articleId=12345645&current=1&nonce=tuaof0lr&pageSize=10&timestamp=1688644488563|
|ERROR|2023-07-06 19:54:48.571|http-nio-3170-exec-3||uid=|signValue: eEa9bBBS20+leGczs/i+K+7r9ED0Vuspp4BkjY9iJKi46N0WSLCHbAR8jQkvqgddW0zwKHLrNZ+6Woetyz7yJg==|
|ERROR|2023-07-06 20:21:13.247|http-nio-3170-exec-8||uid=|sortedParams: articleId=12345645&nonce=iiawly5y&timestamp=1688646073081|
|ERROR|2023-07-06 20:21:13.248|http-nio-3170-exec-2||uid=|sortedParams: articleId=12345645&nonce=mqxumnu4&timestamp=1688646073076|
|ERROR|2023-07-06 20:21:13.246|http-nio-3170-exec-7||uid=|sortedParams: nonce=e8hnqs15&timestamp=1688646073068|
|ERROR|2023-07-06 20:21:13.252|http-nio-3170-exec-8||uid=|signValue: KaP/P8ACd0Vavodmv+52mfMQ5Ro95hmJOKv9jl0fOJa/iixWSF32sgLNn+/UDV0j3L+SwWwuh87qxSSz/L+QVA==|
|ERROR|2023-07-06 20:21:13.252|http-nio-3170-exec-7||uid=|signValue: gUxaeDWl5Wv8ZSr5fzG1iedlyrvHlVFisF3RJQwaIQKWGbwVYRUA04H55SSB0iO7/3bisTkfWzDy4+onAqx86A==|
|ERROR|2023-07-06 20:21:13.252|http-nio-3170-exec-2||uid=|signValue: DDSSdHwMk6TBtDqcicxQ/23e7U3H7tRSwC6yU4nQC5latyJjTjsyi2Ef8GQbQwyDeQNAOFPsCDiIptora/1UEA==|
|ERROR|2023-07-06 20:47:38.641|http-nio-3170-exec-10||uid=|sortedParams: articleId=12345645&current=1&nonce=d9rmnhby&pageSize=10&timestamp=1688647658622|
|ERROR|2023-07-06 20:47:38.642|http-nio-3170-exec-10||uid=|signValue: a/UP8GvwO8JTlLop3m8wVtYwahWzVmmoY9V8cUr/xfRTsuBY0tHKEFahruhjJw5wNtAo/LFZlFjzt/O4yTHjzA==|
|ERROR|2023-07-06 20:47:43.809|http-nio-3170-exec-5||uid=|sortedParams: categoryId=1&current=1&nonce=bdv3mcwa&pageSize=10&tagId=1&timestamp=1688647663780|
|ERROR|2023-07-06 20:47:43.810|http-nio-3170-exec-5||uid=|signValue: HG9mxvwyEWTrdjMlSOYuJTn8Yu20VZ2fItDo4hWmytkfqzTHickbik36uwTEo7OJI9VPvNzgKMeAjlQgMbt08w==|
|ERROR|2023-07-06 20:47:43.895|http-nio-3170-exec-1||uid=|sortedParams: current=1&nonce=wa00oggq&pageSize=6&sort=1&timestamp=1688647663782|
|ERROR|2023-07-06 20:47:43.895|http-nio-3170-exec-1||uid=|signValue: BseIbUI0y0+eL/Wy6OfGcb3QLrtZD95f39Y9gwO+oOBUbB3EDZC3pd2Ga3THhrIn7lPGQRK4itNdXGl9Tkechg==|
|ERROR|2023-07-06 20:47:43.941|http-nio-3170-exec-9||uid=|sortedParams: nonce=ghe5qxnm&timestamp=1688647663778|
|ERROR|2023-07-06 20:47:43.941|http-nio-3170-exec-9||uid=|signValue: a2mKjKU1MRuifB90ydBVSxh5AjMQndN7KReQrn5oh7l+i9ZP9TFMTF/S8rG7SupzDVHBgbSZajxdJLuvmeByqw==|
|ERROR|2023-07-06 21:07:56.253|http-nio-3170-exec-3||uid=|sortedParams: current=1&nonce=muf6jz7h&pageSize=6&sort=1&timestamp=1688648876220|
|ERROR|2023-07-06 21:07:56.253|http-nio-3170-exec-4||uid=|sortedParams: categoryId=1&current=1&nonce=bcq2e0ty&pageSize=10&tagId=1&timestamp=1688648876215|
|ERROR|2023-07-06 21:07:56.253|http-nio-3170-exec-4||uid=|signValue: W4kRKCDaGFgs39ScVtBiQrKp5mSWOD/7agqZkqRpTCwdauP/Ujhh1OCTdquOol9HpOGDHokZLRdYp2ZOYRN5RA==|
|ERROR|2023-07-06 21:07:56.253|http-nio-3170-exec-3||uid=|signValue: d/m+6eB1jsiv4eKpZ6/iFNdpO1npA1QfHCXmbrYWDg/uBUypuMqTSPulq9Nd5dHAmpq6UakyygD+kHn8JN+OlA==|
|ERROR|2023-07-06 21:16:13.397|http-nio-3170-exec-2||uid=|sortedParams: current=1&nonce=fyi9nezb&pageSize=6&sort=1&timestamp=1688649373362|
|ERROR|2023-07-06 21:16:13.398|http-nio-3170-exec-2||uid=|signValue: bKY2RC7sRYPwrh1fKOsgAc+TizFAj7RHJV/B3ESSzYcUV4Jx9i/wCNMbT5piJnMqL7hcgHglirs1rhiUroLJwQ==|
|ERROR|2023-07-06 21:16:13.399|http-nio-3170-exec-7||uid=|sortedParams: categoryId=1&current=1&nonce=5nd2ee0t&pageSize=10&tagId=1&timestamp=1688649373356|
|ERROR|2023-07-06 21:16:13.399|http-nio-3170-exec-7||uid=|signValue: PpXIWPylfGddAq+dPnmuGg3rjsvfvt1HVMJboT0G7q8ool7p4ohX5fnuAczB/JQqDai+v+M9PTze4FmNQmkcQA==|
|ERROR|2023-07-06 21:16:19.202|http-nio-3170-exec-8||uid=|sortedParams: id=477f3c9feda7e6303190a1381cd49d68&nonce=xvr675fk&timestamp=1688649379114|
|ERROR|2023-07-06 21:16:19.202|http-nio-3170-exec-8||uid=|signValue: E4/K6Jj5a2mEpHKmlpm/qmFPDDtsjy0tpwjtdon8k0DYp73qMRFA745LZxqiqT8lq0Ijpb3jitwc68FvpgaBOQ==|
|ERROR|2023-07-06 21:16:19.259|http-nio-3170-exec-10||uid=|sortedParams: current=1&nonce=3rsqcff3&pageSize=5&timestamp=1688649379248&userId=477f3c9feda7e6303190a1381cd49d68|
|ERROR|2023-07-06 21:16:19.259|http-nio-3170-exec-10||uid=|signValue: J/HetJVRKpOyW5Vlx5hLU3b9kcTgeKr01tPivrQBW/uzzgvTXXtA6iYBZBwQcQReBcfT+MSAvObNpxweCpaIIw==|
|ERROR|2023-07-06 21:16:19.288|http-nio-3170-exec-5||uid=|sortedParams: current=1&nonce=vin6nr5k&pageSize=10&statusId=1&timestamp=1688649379278&userId=477f3c9feda7e6303190a1381cd49d68|
|ERROR|2023-07-06 21:16:19.289|http-nio-3170-exec-5||uid=|signValue: EIWc5lPPj0pEzOBOvriEorAm5eRx1WWvS4iax5l6C9H0FZVGsHVDPJK/xRhuZ7WvDcNpyoKHaI7OQ3hHZWuWJA==|
|ERROR|2023-07-06 21:19:39.888|http-nio-3170-exec-6||uid=|sortedParams: categoryId=1&current=1&nonce=im5104yu&pageSize=10&tagId=1&timestamp=1688649579705|
|ERROR|2023-07-06 21:19:39.888|http-nio-3170-exec-6||uid=|signValue: G50lO1sn7nSpclmtoL9XC7xNUHCqt5O8qYvHi98kgHQhToCTaS31BeK87rTDHpQUkYcJQsTewEhZS/z/GG4A1Q==|
|ERROR|2023-07-06 21:19:39.898|http-nio-3170-exec-1||uid=|sortedParams: current=1&nonce=b46527jd&pageSize=6&sort=1&timestamp=1688649579711|
|ERROR|2023-07-06 21:19:39.898|http-nio-3170-exec-1||uid=|signValue: TghKy7WUU9g80RkJbkBaowfjDkKyLHrDbiGBupQu9yu9YCa9Zcphsi75Bkvn3kLaZY887XZ3JW82036K0VzAUQ==|
|ERROR|2023-07-06 21:19:40.352|http-nio-3170-exec-9||uid=|sortedParams: articleId=12345645&nonce=bgybl3of&timestamp=1688649580266|
|ERROR|2023-07-06 21:19:40.352|http-nio-3170-exec-3||uid=|sortedParams: articleId=12345645&nonce=sc19o8ez&timestamp=1688649580267|
|ERROR|2023-07-06 21:19:40.352|http-nio-3170-exec-9||uid=|signValue: UjKdWZM941Or5vPkA/S1Sfgr4O2day9MhG3aU0EXySjCYppw9wwiaiXjCBWvkRibZdfpFZu3cxhrTXbUDOTtbg==|
|ERROR|2023-07-06 21:19:40.352|http-nio-3170-exec-3||uid=|signValue: eFvOAlCAD5pKS1fQzRoVdafncfwvOz4Ml0gaX2PYzxloGGV0x7do/qS2C4sGVeAQ5Hw4o567VYvMbB9l2FPn1Q==|
|ERROR|2023-07-06 21:19:41.226|http-nio-3170-exec-4||uid=|sortedParams: articleId=12345645&current=1&nonce=ay5nf1fa&pageSize=10&timestamp=1688649581218|
|ERROR|2023-07-06 21:19:41.226|http-nio-3170-exec-4||uid=|signValue: NWevNLT16g6U4CueYw39UHCqG3jw1F+mHYqtcsJcszt5OE9BfWbSEwygwOESl/euxnvkvC7X9x3RoR1vkoHygg==|
|ERROR|2023-07-06 21:34:40.961|http-nio-3170-exec-2||uid=|sortedParams: articleId=12345645&nonce=xuf99rup&timestamp=1688650480908|
|ERROR|2023-07-06 21:34:40.961|http-nio-3170-exec-2||uid=|signValue: B8wW5Yj/5EKsHZNWE1l2ZVzUtMV1GzHpnABGm4h5lu73i/S549rpQaZaouIbJwXUkT7t0Dp+cQ9/+7cACz6Idg==|
|ERROR|2023-07-06 21:35:22.088|http-nio-3170-exec-8||uid=|sortedParams: current=1&nonce=l3xp916x&pageSize=6&sort=1&timestamp=1688650522045|
|ERROR|2023-07-06 21:35:22.089|http-nio-3170-exec-8||uid=|signValue: OW5XxKLOj81Iq9ghrSXZbKNZQ9DVD7AIdU4PPi2HjSUgfKQUwvuej7EQP94ai9Rkbpt9fer0QRd1HfDBqldofA==|
|ERROR|2023-07-06 21:35:22.089|http-nio-3170-exec-7||uid=|sortedParams: categoryId=1&current=1&nonce=giie9jmj&pageSize=10&tagId=1&timestamp=1688650522040|
|ERROR|2023-07-06 21:35:22.089|http-nio-3170-exec-7||uid=|signValue: Eq1DuE9LoO4fHyTJ9ZEGqZOxzdR4vbR3bkqBCYwL2KQvO7ldaw6iIbqzTGJFx2cpzfeQuM6l0Zy4IdATJHRbog==|
|ERROR|2023-07-06 21:47:14.723|http-nio-3170-exec-10||uid=|sortedParams: nonce=n7ios1ss&timestamp=1688651234696|
|ERROR|2023-07-06 21:47:14.723|http-nio-3170-exec-10||uid=|signValue: GTy7PysoJT/OsHiAM+DQcYMJ8WZmz+betG8hXlDBIKJD6dMXG9h92AaubORn6q9B9UDZ7Cux9vaUM3ixW/Qo5A==|
|ERROR|2023-07-06 21:48:15.391|http-nio-3170-exec-5||uid=|sortedParams: nonce=d8obpjoi&timestamp=1688651295370|
|ERROR|2023-07-06 21:48:15.391|http-nio-3170-exec-5||uid=|signValue: EmY7hh7q2fDUPMWSG6iUAI/iUJN5bTLveC2lyf0/0R5T8uVXVg6/o06Qq+vxmlnHIZ3YHcmxL5TVcYaH0U1SJQ==|
|ERROR|2023-07-06 21:48:17.381|http-nio-3170-exec-1||uid=|sortedParams: nonce=y7et9oiq&timestamp=1688651297363|
|ERROR|2023-07-06 21:48:17.382|http-nio-3170-exec-1||uid=|signValue: JrxeZ/56LZcG/TEWdZUUwhIBby8ueDXy8V6kWwduToHQFj9DFK5ZJ0SELrxIn011LDf6Eu0jIfUaBVxHxQuguQ==|
|ERROR|2023-07-06 21:48:18.908|http-nio-3170-exec-6||uid=|sortedParams: nonce=qf2fsnlz&timestamp=1688651298866|
|ERROR|2023-07-06 21:48:18.908|http-nio-3170-exec-6||uid=|signValue: LewYqYsiWXG+sWnfdJhquM+O4SPYuFu7xzXkgbqNU23drstrDdma58LQLX8U/8xJMwfluKY23VBgOG1Zus/ang==|
|ERROR|2023-07-06 21:48:20.063|http-nio-3170-exec-3||uid=|sortedParams: nonce=m6dqitot&timestamp=1688651299878|
|ERROR|2023-07-06 21:48:20.064|http-nio-3170-exec-3||uid=|signValue: c86JHVB1jVe31M2xtq5ycsmw4Fk0tAIaNRdoT9zBsYbX9CKrmovKJSiPsnimW/qSdqD3+ovn8I6kcmKhTr+hrA==|
|ERROR|2023-07-06 21:48:20.072|http-nio-3170-exec-2||uid=|sortedParams: current=1&nonce=jehf2dac&pageSize=6&sort=1&timestamp=1688651299881|
|ERROR|2023-07-06 21:48:20.073|http-nio-3170-exec-2||uid=|signValue: XYz6y78W+Ul0HE/4VXVpz3hY6zMaXWEvSL3qLV+m4kwJq+0Z7Ra8u8+szu5Pi+LQ6L3WqznVix/AyJpUsdq24A==|
|ERROR|2023-07-06 21:48:20.074|http-nio-3170-exec-4||uid=|sortedParams: categoryId=1&current=1&nonce=a5079hpv&pageSize=10&tagId=1&timestamp=1688651299880|
|ERROR|2023-07-06 21:48:20.074|http-nio-3170-exec-4||uid=|signValue: XtxR3YqkogcbZ3Zo0GgDOrjTNhXVeNZDuUbtf1XwMvjCks+4WUcfV3ziUOwghkFJEV0iCmHzac1vuTitttIqZQ==|
